CSV: 1;0;11;18;18;18;18;13;15;18;18;18;20;20;15;18;4824;0;20;0
CSV: 1;0;10;18;18;18;18;13;15;18;18;20;18;18;13;18;4823;0;20;0
CSV: 2;0;10;18;18;18;18;13;13;18;18;18;20;20;15;18;4823;0;20;0
CSV: 0;0;10;18;18;18;18;15;15;18;18;20;18;18;13;18;4823;0;20;0
CSV: 1;0;10;18;18;18;18;13;15;18;18;18;20;18;13;18;4823;0;20;0
CSV: 1;0;10;18;18;18;17;14;13;18;18;18;18;18;13;18;4823;-20;20;0
CSV: 1;0;11;18;17;18;18;14;15;18;18;18;20;18;15;18;4824;-20;20;0
CSV: 1;0;10;17;17;18;18;14;13;18;18;18;18;20;13;18;4823;0;20;0
CSV: 1;0;10;17;18;18;18;13;15;18;18;18;18;18;15;18;4823;0;20;0
CSV: 1;0;10;17;18;18;17;14;13;18;18;20;20;20;15;18;4823;-20;20;0
CSV: 1;0;10;17;18;18;18;14;13;20;18;18;20;18;13;18;4823;-20;20;0
CSV: 1;0;10;17;18;18;18;14;15;18;20;20;18;18;13;18;4823;-20;20;0
CSV: 1;0;10;17;17;18;17;12;13;20;18;20;20;18;13;18;4823;0;20;0
CSV: 1;0;10;18;18;18;17;13;15;20;18;18;18;18;13;18;4823;0;20;0
CSV: 0;0;10;17;18;18;18;14;15;18;18;18;20;20;13;18;4823;-20;20;0
CSV: 1;0;10;17;17;18;17;13;15;18;18;20;20;18;13;18;4823;0;20;0
CSV: 1;0;10;17;17;18;17;13;13;18;18;18;18;18;13;17;4823;0;20;0
CSV: 1;-1;11;18;17;18;17;14;13;18;18;18;18;18;13;18;4823;-20;20;0
CSV: 1;0;10;18;18;18;18;13;15;18;18;18;18;20;13;18;4824;0;20;0
CSV: 0;0;10;18;18;18;18;13;13;18;18;18;18;18;13;18;4823;0;20;0
CSV: 1;0;10;18;17;17;18;14;13;18;18;18;18;18;13;18;4823;-20;20;0
CSV: 1;0;10;18;18;18;18;13;13;18;18;18;18;18;13;18;4823;0;20;0
CSV: 1;0;10;17;17;18;17;13;13;18;18;18;18;18;12;18;4823;0;20;0
CSV: 0;-1;10;18;18;18;17;13;15;18;17;18;18;18;13;18;4823;0;20;0
CSV: 1;0;10;18;17;18;18;14;13;18;18;18;18;18;13;18;4823;-20;20;0
CSV: 0;0;10;18;18;18;18;13;13;18;18;20;18;18;13;18;4823;0;20;0
CSV: 1;-1;10;17;18;18;17;13;15;18;18;20;18;18;13;18;4823;0;20;0
CSV: 1;0;10;17;17;18;18;14;13;18;18;18;18;18;13;18;4823;-20;20;0
CSV: 0;0;10;18;18;18;18;13;13;18;18;18;18;18;13;18;4823;-20;20;0
CSV: 0;-1;10;17;17;18;17;13;15;18;18;18;18;18;13;18;4823;0;20;0
CSV: 1;-1;10;18;18;18;17;13;15;18;18;18;18;20;13;18;4823;0;20;0
CSV: 1;-1;10;17;17;18;17;13;15;18;18;18;18;18;13;18;4823;0;20;0
CSV: 0;0;10;17;17;18;18;13;15;18;18;20;20;18;13;18;4823;0;20;0
CSV: 0;-1;10;17;18;18;17;13;15;18;18;18;18;18;13;18;4823;0;20;0
CSV: 1;0;10;17;17;18;18;13;15;18;18;20;18;18;13;18;4823;0;20;0
CSV: 1;-1;10;17;18;18;17;13;13;18;18;18;20;18;13;17;4823;0;20;0
CSV: 1;0;10;17;17;18;17;13;13;18;18;18;18;18;13;18;4822;0;20;0
CSV: 1;0;10;17;17;18;17;13;15;18;18;18;18;18;12;18;4823;0;20;0
CSV: 0;-1;10;17;17;17;18;14;15;18;18;18;18;18;13;17;4822;-20;20;0
CSV: 0;0;10;18;18;18;18;14;13;18;18;18;18;18;13;18;4823;-20;20;0
CSV: 0;0;10;17;18;18;17;12;15;18;18;18;18;18;13;18;4823;20;20;0
CSV: 0;-1;10;17;17;18;17;13;13;18;18;18;18;18;13;18;4822;0;20;0
CSV: 1;0;10;18;17;18;17;13;13;18;18;18;18;18;13;18;4823;0;20;0
CSV: 0;-1;10;18;18;18;17;13;13;18;18;18;18;18;13;18;4823;0;20;0
CSV: 1;-1;10;17;17;18;17;14;15;18;18;18;18;18;13;17;4822;-20;20;0
CSV: 0;0;10;17;17;17;18;13;13;18;18;18;18;18;13;18;4823;0;20;0
CSV: 1;-1;10;18;17;18;17;13;13;18;17;18;18;18;13;17;4822;0;20;0
CSV: 0;0;10;17;18;18;17;13;13;18;18;18;18;18;13;18;4823;0;20;0
CSV: 0;-1;10;17;17;18;18;13;13;18;17;18;18;18;13;18;4823;0;20;0
CSV: 0;0;10;18;18;18;17;13;15;20;18;18;18;18;13;18;4823;0;20;0
CSV: 1;-1;10;17;17;17;17;13;15;18;18;18;18;18;13;18;4823;0;20;0
CSV: 0;0;8;17;17;18;17;13;15;18;18;18;18;18;13;18;4822;0;20;0
CSV: 1;-1;10;17;17;18;18;13;13;18;17;18;18;18;13;18;4822;0;20;0
CSV: 0;-1;10;18;18;18;18;13;15;18;20;18;18;18;13;18;4823;0;20;0
CSV: 0;-1;10;17;17;18;17;13;15;18;18;20;18;18;13;18;4823;0;20;0
CSV: 1;0;10;17;17;18;18;13;15;18;18;18;18;18;13;17;4823;0;20;0
CSV: 0;-1;8;17;17;18;17;13;15;18;18;18;18;18;13;18;4822;0;20;0
CSV: 1;0;10;17;18;18;17;13;13;18;18;18;18;18;13;18;4823;0;20;0
CSV: 0;0;10;17;17;18;17;12;13;18;18;18;18;18;13;18;4822;0;20;0
CSV: 0;-1;10;17;17;18;17;13;15;18;18;18;18;18;13;17;4822;-20;20;0
CSV: 0;-1;10;17;17;18;17;13;13;18;18;18;18;18;13;18;4822;0;20;0
CSV: 0;-1;10;17;17;18;18;12;13;18;18;18;18;18;13;18;4823;0;20;0
CSV: 0;0;10;17;17;18;17;13;15;18;18;18;18;18;13;17;4822;0;20;0
CSV: 0;0;10;18;17;18;17;12;13;17;18;18;18;18;13;18;4822;20;20;0
CSV: 1;-1;8;17;17;18;17;14;15;18;17;18;18;18;13;18;4822;-20;20;0
CSV: 0;-1;10;17;18;18;17;13;13;18;18;18;18;18;13;18;4822;0;20;0
*** ALARM FLAGS ***
Alarm bits=0x8 | 0b1000
Alarm bit=0b1000 -> Discharging undervoltage

CSV: 0;-1;10;17;18;18;17;13;13;18;18;18;18;18;13;18;4822;0;0;0
SOC[%]=0 -> Remaining Capacity[Ah]=0
Set LCD display page to: 0
CSV: 1;0;11;17;18;18;18;13;15;18;18;18;18;18;13;17;4823;0;0;0
Charging MosFet enabled, active | Discharging MosFet enabled, not active | Balancing enabled, not active
CSV: 1;-1;10;18;17;18;18;13;15;18;18;18;20;21;15;18;4823;0;0;0
CSV: 1;0;11;17;17;20;20;15;15;18;20;18;20;18;13;18;4823;0;0;0
CSV: 1;0;10;17;18;18;18;13;15;18;18;20;20;18;13;17;4823;0;0;0
CSV: 4;7;17;25;24;22;22;15;28;23;24;26;26;27;24;29;4830;125;0;0
Battery Voltage[V]=48.30, Current[A]=1.25, Power[W]=60, Difference to full[V]=6.9
Charging MosFet enabled, active | Discharging MosFet enabled, active | Balancing enabled, not active
CSV: 23;21;34;31;21;-5;-5;-37;49;-5;3;16;16;31;38;45;4862;1236;0;0
Battery Voltage[V]=48.62, Current[A]=12.36, Power[W]=600, Difference to full[V]=6.6
CSV: 28;26;37;35;25;-1;-1;-32;55;-57;-34;-8;-8;23;43;47;4870;2766;0;1
Battery Voltage[V]=48.70, Current[A]=27.66, Power[W]=1347, Difference to full[V]=6.5
Charging MosFet enabled, active | Discharging MosFet enabled, active | Balancing enabled, active
CSV: 34;33;44;24;65532;65475;65475;65414;50;65477;65503;-5;-5;24;44;48;4872;2787;0;1
Battery Voltage[V]=48.72, Current[A]=27.87, Power[W]=1357, Difference to full[V]=6.5
CSV: 38;37;50;28;0;-57;65478;65420;61;65483;65507;65532;65532;26;48;53;4881;2787;0;1
Battery Voltage[V]=48.81, Current[A]=27.87, Power[W]=1360, Difference to full[V]=6.4
CSV: 44;40;51;31;0;65481;65481;65424;55;65483;65509;1;1;31;51;55;4884;2766;0;1
Battery Voltage[V]=48.84, Current[A]=27.66, Power[W]=1350, Difference to full[V]=6.4
CSV: 44;40;51;31;0;65481;65481;65426;58;65485;65512;3;5;34;54;58;4887;2787;0;1
Battery Voltage[V]=48.87, Current[A]=27.87, Power[W]=1362, Difference to full[V]=6.3
CSV: 47;44;54;33;4;65483;65483;65428;61;65487;65513;4;7;37;56;60;4892;2745;0;1
Battery Voltage[V]=48.92, Current[A]=27.45, Power[W]=1342, Difference to full[V]=6.3
CSV: 49;47;56;35;6;65487;65487;65433;64;65492;65518;8;12;39;59;65;4896;2787;0;1
Battery Voltage[V]=48.96, Current[A]=27.87, Power[W]=1364, Difference to full[V]=6.2
CSV: 51;49;58;38;7;65489;65487;65433;66;65492;65519;9;12;42;62;67;4899;2766;0;1
Battery Voltage[V]=48.99, Current[A]=27.66, Power[W]=1355, Difference to full[V]=6.2
CSV: 53;50;59;39;10;65491;65491;65436;69;65493;65519;9;13;43;65;69;4902;2808;0;1
Battery Voltage[V]=49.02, Current[A]=28.08, Power[W]=1376, Difference to full[V]=6.2
CSV: 55;53;61;39;10;65491;65491;65439;73;65497;65522;10;14;42;65;69;4902;2766;0;1
Battery Voltage[V]=49.02, Current[A]=27.66, Power[W]=1355, Difference to full[V]=6.2
CSV: 58;54;62;42;14;65496;65495;65436;71;65496;65522;11;16;45;66;71;4905;2766;0;1
Battery Voltage[V]=49.05, Current[A]=27.66, Power[W]=1356, Difference to full[V]=6.2
CSV: 59;55;65;43;15;65496;65497;65437;72;65498;65523;12;16;46;69;72;4908;2766;0;1
Battery Voltage[V]=49.08, Current[A]=27.66, Power[W]=1357, Difference to full[V]=6.1
CSV: 58;55;67;48;21;-34;-37;65442;75;-37;65524;15;18;49;70;75;4911;2787;0;1
Battery Voltage[V]=49.11, Current[A]=27.87, Power[W]=1368, Difference to full[V]=6.1
CSV: 62;59;70;50;21;65500;65498;65442;82;65503;65526;15;17;48;70;76;4914;2787;0;1
Battery Voltage[V]=49.14, Current[A]=27.87, Power[W]=1369, Difference to full[V]=6.1
CSV: 62;59;70;50;21;65500;65498;65445;76;65503;65530;20;23;51;73;75;4917;2787;0;1
Battery Voltage[V]=49.17, Current[A]=27.87, Power[W]=1370, Difference to full[V]=6.0
CSV: 65;61;71;50;20;65501;65500;65445;81;65505;65529;17;23;53;75;78;4919;2787;0;1
Battery Voltage[V]=49.19, Current[A]=27.87, Power[W]=1370, Difference to full[V]=6.0
CSV: 67;64;73;54;23;65503;-34;65444;88;65511;-1;22;25;51;75;78;4919;2787;0;1
CSV: 67;64;71;51;23;65505;65506;65449;81;65511;0;23;26;54;73;77;4923;2787;0;1
Battery Voltage[V]=49.23, Current[A]=27.87, Power[W]=1372, Difference to full[V]=6.0
CSV: 67;66;76;58;30;65510;65506;65446;89;65508;65534;22;28;58;78;83;4924;2766;1;1
SOC[%]=1 -> Remaining Capacity[Ah]=1
CSV: 71;67;77;59;30;65511;65508;65448;91;65511;-1;23;30;59;80;85;4927;2766;1;1
Battery Voltage[V]=49.27, Current[A]=27.66, Power[W]=1362, Difference to full[V]=5.9
CSV: 72;69;78;59;30;65508;65508;65449;91;65512;2;23;30;59;82;86;4930;2787;1;1
Battery Voltage[V]=49.30, Current[A]=27.87, Power[W]=1373, Difference to full[V]=5.9
CSV: 72;69;78;59;30;65511;65510;65452;89;65514;3;25;31;59;82;87;4932;2787;1;1
Battery Voltage[V]=49.32, Current[A]=27.87, Power[W]=1374, Difference to full[V]=5.9
CSV: 75;71;78;58;29;65510;65509;65451;86;65516;3;25;30;59;82;87;4934;2808;1;1
Battery Voltage[V]=49.34, Current[A]=28.08, Power[W]=1385, Difference to full[V]=5.9
Timeout reached, suppress consecutive error beeps
CSV: 75;71;78;60;31;65512;65512;65455;88;65518;8;31;33;61;83;86;4936;2787;1;1
Battery Voltage[V]=49.36, Current[A]=27.87, Power[W]=1375, Difference to full[V]=5.8
CSV: 75;71;78;61;33;65516;65516;65457;94;65521;10;33;34;62;85;87;4939;2787;1;1
Battery Voltage[V]=49.39, Current[A]=27.87, Power[W]=1376, Difference to full[V]=5.8
CSV: 75;72;81;62;36;65517;65517;65458;99;65521;10;34;38;65;86;88;4941;2787;1;1
Battery Voltage[V]=49.41, Current[A]=27.87, Power[W]=1377, Difference to full[V]=5.8
CSV: 76;72;85;64;37;65518;65517;65459;97;65521;9;35;37;66;89;91;4942;2808;1;1
CSV: 77;75;87;67;41;65520;65519;65459;97;65518;10;35;37;66;89;91;4942;2766;1;1
Battery Voltage[V]=49.42, Current[A]=27.66, Power[W]=1366, Difference to full[V]=5.8
CSV: 80;77;88;69;41;65521;65518;65458;100;65519;11;36;41;70;91;93;4945;2787;1;1
Battery Voltage[V]=49.45, Current[A]=27.87, Power[W]=1378, Difference to full[V]=5.8
CSV: 82;80;91;70;42;65521;65518;65460;102;65521;11;34;41;70;92;94;4946;2787;1;1
CSV: 86;81;89;69;39;65521;65519;65462;99;-8;14;39;41;69;91;92;4949;2787;1;1
Battery Voltage[V]=49.49, Current[A]=27.87, Power[W]=1379, Difference to full[V]=5.7
CSV: 86;81;89;69;39;65521;65524;65466;103;65524;15;39;43;72;93;94;4950;2787;1;1
CSV: 83;80;91;72;45;65525;65523;65463;104;65526;16;41;44;75;96;97;4952;2766;1;1
Battery Voltage[V]=49.52, Current[A]=27.66, Power[W]=1369, Difference to full[V]=5.7
CSV: 85;81;93;73;45;-8;65525;65466;107;65526;16;41;47;76;96;99;4955;2766;1;1
Battery Voltage[V]=49.55, Current[A]=27.66, Power[W]=1370, Difference to full[V]=5.7
CSV: 86;85;94;76;48;-8;65523;65465;107;65527;17;42;48;77;98;100;4956;2787;1;1
CSV: 87;86;96;76;47;65527;65524;65465;107;-8;18;41;48;77;98;103;4958;2808;1;1
Battery Voltage[V]=49.58, Current[A]=28.08, Power[W]=1392, Difference to full[V]=5.6
CSV: 88;87;97;77;49;65530;65527;65466;108;65530;20;41;47;80;100;104;4960;2787;1;1
CSV: 89;88;97;77;49;-8;65526;65466;110;65529;20;42;50;80;100;104;4960;2808;2;1
SOC[%]=2 -> Remaining Capacity[Ah]=2
CSV: 92;89;98;79;49;65529;65526;65467;110;65529;20;42;49;79;102;105;4961;2808;2;1
CSV: 94;91;100;81;52;-5;65529;65470;112;65533;21;43;50;81;103;107;4963;2766;2;1
Battery Voltage[V]=49.63, Current[A]=27.66, Power[W]=1372, Difference to full[V]=5.6
CSV: 94;92;102;81;52;65532;65529;65472;113;65533;22;44;52;81;104;108;4965;2787;2;1
Battery Voltage[V]=49.65, Current[A]=27.87, Power[W]=1383, Difference to full[V]=5.6
CSV: 96;93;103;82;52;65534;-5;65473;114;-1;22;45;52;81;105;108;4966;2766;2;1
CSV: 96;93;103;82;52;65534;-5;65473;108;65534;23;46;52;81;105;109;4968;2808;2;1
Battery Voltage[V]=49.68, Current[A]=28.08, Power[W]=1395, Difference to full[V]=5.5
CSV: 97;94;104;82;52;65532;-5;65472;108;-1;25;48;54;83;107;110;4969;2787;2;1
CSV: 99;94;105;85;54;65534;65532;65474;114;3;29;52;56;82;105;107;4972;2808;2;1
Battery Voltage[V]=49.72, Current[A]=28.08, Power[W]=1396, Difference to full[V]=5.5
CSV: 100;96;103;83;53;65534;65534;65477;118;2;30;54;58;87;109;109;4972;2787;2;1
CSV: 97;94;105;86;59;4;2;-57;119;6;30;52;55;83;107;110;4975;2766;2;1
Battery Voltage[V]=49.75, Current[A]=27.66, Power[W]=1376, Difference to full[V]=5.5
CSV: 102;98;108;87;58;3;0;65482;112;5;31;57;60;88;110;112;4977;2766;2;1
Battery Voltage[V]=49.77, Current[A]=27.66, Power[W]=1376, Difference to full[V]=5.4
CSV: 103;99;109;87;57;1;65534;65481;121;6;30;52;57;85;109;112;4977;2808;2;1
Battery Voltage[V]=49.77, Current[A]=28.08, Power[W]=1397, Difference to full[V]=5.4
CSV: 104;100;109;88;58;2;1;65482;114;3;30;56;59;88;112;113;4978;2787;2;1
CSV: 105;102;109;87;57;2;1;65481;114;4;31;57;61;91;113;114;4979;2808;2;1
CSV: 105;103;110;88;58;4;2;65483;115;5;31;56;60;90;114;116;4980;2787;2;1
CSV: 108;104;109;89;61;6;6;65486;118;9;33;58;64;93;114;118;4981;2745;2;1
Battery Voltage[V]=49.81, Current[A]=27.45, Power[W]=1367, Difference to full[V]=5.4
CSV: 108;104;109;89;60;6;6;65484;119;8;33;57;63;93;115;118;4983;2766;2;1
Battery Voltage[V]=49.83, Current[A]=27.66, Power[W]=1378, Difference to full[V]=5.4
CSV: 108;104;109;89;60;6;6;65487;121;9;33;58;63;93;115;119;4984;2787;2;1
CSV: 108;104;110;91;61;7;8;65486;125;9;34;57;62;92;116;120;4985;2808;3;1
SOC[%]=3 -> Remaining Capacity[Ah]=3
CSV: 109;104;112;90;62;8;9;65488;127;13;36;58;64;93;116;121;4987;2766;3;1
Battery Voltage[V]=49.87, Current[A]=27.66, Power[W]=1379, Difference to full[V]=5.3
CSV: 109;104;112;93;65;9;11;65487;130;13;36;59;64;93;118;123;4990;2808;3;1
Battery Voltage[V]=49.90, Current[A]=28.08, Power[W]=1401, Difference to full[V]=5.3
CSV: 110;108;116;97;68;13;9;65489;124;16;42;63;68;96;116;119;4992;2766;3;1
Battery Voltage[V]=49.92, Current[A]=27.66, Power[W]=1380, Difference to full[V]=5.3
CSV: 113;109;116;96;65;13;10;65490;129;17;42;63;68;96;116;119;4992;2766;3;1
CSV: 110;107;115;97;69;14;14;65493;124;15;41;63;70;99;121;124;4992;2787;3;1
CSV: 112;108;115;97;70;15;15;65494;125;18;44;68;70;97;118;120;4994;2787;3;1
Battery Voltage[V]=49.94, Current[A]=27.87, Power[W]=1391, Difference to full[V]=5.3
CSV: 113;108;115;98;70;15;15;65495;125;19;44;68;70;98;119;123;4996;2787;3;1
Battery Voltage[V]=49.96, Current[A]=27.87, Power[W]=1392, Difference to full[V]=5.2
CSV: 114;110;118;98;70;16;16;65495;126;20;46;68;71;98;120;124;4997;2787;3;1
CSV: 115;110;118;99;71;17;15;65494;127;22;46;69;71;99;121;124;4999;2766;3;1
Battery Voltage[V]=49.99, Current[A]=27.66, Power[W]=1382, Difference to full[V]=5.2
CSV: 115;110;118;99;71;19;19;65497;130;22;47;69;71;100;123;124;5000;2766;3;1
CSV: 116;113;119;100;71;17;19;65497;127;23;47;69;72;100;124;126;5001;2787;3;1
CSV: 118;114;120;100;72;18;18;65498;134;20;46;71;76;105;127;129;5002;2787;3;1
CSV: 115;113;121;102;75;20;20;-37;131;20;46;69;75;105;129;130;5003;2787;3;1
CSV: 120;116;126;105;76;19;16;65495;134;21;47;69;75;105;129;130;5003;2787;3;1
CSV: 120;118;127;107;79;21;18;65496;137;21;47;70;76;107;129;131;5005;2787;3;1
Battery Voltage[V]=50.05, Current[A]=27.87, Power[W]=1394, Difference to full[V]=5.2
CSV: 120;118;129;107;79;24;20;-37;139;21;47;71;77;107;130;132;5006;2766;3;1
CSV: 121;118;129;108;80;24;20;-37;140;24;49;74;79;108;131;132;5007;2787;3;1
CSV: 120;119;129;109;81;25;21;-37;140;23;49;74;80;109;131;134;5009;2787;4;1
SOC[%]=4 -> Remaining Capacity[Ah]=4
Battery Voltage[V]=50.09, Current[A]=27.87, Power[W]=1396, Difference to full[V]=5.1
CSV: 123;120;130;107;79;27;25;65505;142;24;51;75;80;110;131;134;5010;2766;4;1
CSV: 123;120;130;109;82;26;22;65501;141;24;52;76;81;110;134;134;5011;2787;4;1
CSV: 124;120;131;110;82;26;23;65501;142;25;52;76;82;110;134;136;5013;2787;4;1
Battery Voltage[V]=50.13, Current[A]=27.87, Power[W]=1397, Difference to full[V]=5.1
CSV: 125;123;132;110;82;26;24;65501;141;27;52;76;82;112;135;136;5014;2766;4;1
CSV: 125;124;132;112;84;29;25;-32;141;29;53;76;84;113;135;137;5015;2766;4;1
CSV: 126;125;134;113;84;27;25;-32;139;29;53;77;84;113;136;139;5016;2766;4;1
CSV: 129;126;135;113;84;29;25;-32;146;29;53;77;84;113;136;139;5016;2787;4;1
CSV: 130;127;135;113;82;28;25;-32;146;29;53;77;82;113;136;139;5017;2787;4;1
CSV: 130;126;132;112;82;28;28;65508;140;35;58;82;85;114;135;136;5019;2787;4;1
Battery Voltage[V]=50.19, Current[A]=27.87, Power[W]=1398, Difference to full[V]=5.0
CSV: 129;127;136;116;87;31;26;65505;147;31;57;81;87;118;137;140;5019;2787;4;1
CSV: 130;126;134;113;85;34;32;65510;148;31;58;81;87;118;139;142;5021;2787;4;1
Battery Voltage[V]=50.21, Current[A]=27.87, Power[W]=1399, Difference to full[V]=5.0
CSV: 130;129;137;118;88;32;28;65506;147;32;57;81;88;118;139;145;5023;2787;4;1
Battery Voltage[V]=50.23, Current[A]=27.87, Power[W]=1399, Difference to full[V]=5.0
CSV: 132;130;137;119;90;32;28;65508;145;35;58;81;88;119;140;145;5024;2766;4;1
CSV: 134;131;139;119;90;33;30;65509;146;34;59;81;90;120;142;146;5026;2787;4;1
CSV: 134;131;139;119;91;34;30;65508;146;34;60;82;90;120;143;146;5026;2787;4;1
CSV: 135;132;140;120;91;35;31;65510;147;36;62;82;91;121;143;146;5028;2766;4;1
Battery Voltage[V]=50.28, Current[A]=27.66, Power[W]=1390, Difference to full[V]=4.9
CSV: 134;132;142;121;92;37;33;65511;153;36;62;82;91;121;143;146;5028;2787;4;1
CSV: 135;132;143;123;93;37;34;65512;152;36;62;85;92;121;145;147;5030;2787;4;1
Battery Voltage[V]=50.30, Current[A]=27.87, Power[W]=1401, Difference to full[V]=4.9
CSV: 137;135;145;123;93;36;34;65516;152;40;64;85;90;119;143;147;5031;2787;5;1
SOC[%]=5 -> Remaining Capacity[Ah]=5
CSV: 139;135;143;121;92;36;35;65515;153;41;65;88;92;120;142;145;5033;2787;5;1
Battery Voltage[V]=50.33, Current[A]=27.87, Power[W]=1402, Difference to full[V]=4.9
CSV: 131;127;132;112;80;25;23;65516;148;37;65;88;95;124;147;148;5033;2787;5;1
CSV: 131;127;123;121;109;91;87;69;125;21;49;71;76;104;129;130;5010;1006;5;1
Battery Voltage[V]=50.10, Current[A]=10.06, Power[W]=504, Difference to full[V]=5.1
All alarms are cleared
CSV: 118;115;124;120;109;91;87;69;125;90;100;104;110;120;126;126;5002;83;5;1
Battery Voltage[V]=50.02, Current[A]=0.83, Power[W]=41, Difference to full[V]=5.2
