START ../src/JK-BMSToPylontechCAN.cpp
Version 1.0 from May 29 2023
Serial to JK-BMS started with 115200 bit/s!
CAN started with 500 kbit/s!
If you connect debug pin DEBUG_BUTTON_PIN to ground, additional debug data is printed

Send requestFrame with TxToJKBMS
 0x4E 0x57 0x0 0x13 0x0 0x0 0x0 0x0 0x6 0x3 0x0 0x0 0x0 0x0 0x0 0x0 0x68 0x0 0x0 0x1 0x29

273 bytes received
0x00  0x4E 0x57 0x01 0x0F 0x00 0x00 0x00 0x00 0x06 0x00 0x01 
0x0B  0x79 0x1E 0x01 0x0F 0x7F 
0x10  0x02 0x0F 0x7D 0x03 0x0F 0x7D 0x04 0x0F 0x7F 0x05 0x0F 0x7F 0x06 0x0F 0x7F 0x07 
0x20  0x0F 0x80 0x08 0x0F 0x7F 0x09 0x0F 0x81 0x0A 0x0F 0x80 
0x2B  0x80 0x00 0x1A 0x81 0x00 
0x30  0x2C 0x82 0x00 0x39 0x83 0x0F 0x7E 0x84 0x00 0x00 0x85 0x53 0x86 0x02 0x87 0x00 
0x40  0x00 0x89 0x00 0x00 0x00 0x00 0x8A 0x00 0x0A 0x8B 0x00 0x00 0x8C 0x00 0x03 0x8E 
0x50  0x10 0x68 0x8F 0x0B 0x04 0x90 0x10 0x68 0x91 0x10 0x54 0x92 0x00 0x05 0x93 0x0B 
0x60  0x04 0x94 0x0B 0x22 0x95 0x00 0x05 0x96 0x01 0x2C 0x97 0x00 0x01 0x98 0x00 0x14 
0x70  0x99 0x00 0x01 0x9A 0x00 0x1E 0x9B 0x0B 0xB8 0x9C 0x00 0x0A 0x9D 0x01 0x9E 0x00 
0x80  0x37 0x9F 0x00 0x32 0xA0 0x00 0x64 0xA1 0x00 0x64 0xA2 0x00 0x14 0xA3 0x00 0x50 
0x90  0xA4 0x00 0x46 0xA5 0xFF 0xFB 0xA6 0x00 0x00 0xA7 0xFF 0xEC 0xA8 0xFF 0xF6 0xA9 
0xA0  0x0A 0xAA 0x00 0x00 0x00 0x1E 0xAB 0x01 0xAC 0x01 0xAD 0x04 0x0F 0xAE 0x01 0xAF 
0xB0  0x01 0xB0 0x00 0x0A 0xB1 0x14 0xB2 0x31 0x32 0x33 0x34 0x35 0x36 0x00 0x00 0x00 
0xC0  0x00 0xB3 0x00 0xB4 0x31 0x32 0x33 0x34 0x35 0x36 0x37 0x38 0xB5 0x32 0x33 0x30 
0xD0  0x35 0xB6 0x00 0x00 0x06 0x68 0xB7 0x31 0x31 0x2E 0x58 0x57 0x5F 0x53 0x31 0x31 
0xE0  0x2E 0x32 0x36 0x5F 0x5F 0x5F 0xB8 0x00 0xB9 0x00 0x00 0x00 0x1E 0xBA 0x31 0x32 
0xF0  0x33 0x34 0x35 0x36 0x37 0x38 0x39 0x30 0x31 0x32 0x4A 0x4B 0x5F 0x42 0x32 0x41 
0x100  0x32 0x30 0x53 0x32 0x30 0x50 0xC0 0x01 
0x108  0x00 0x00 0x00 0x00 0x68 0x00 0x00 0x45 
0x110  0x66 

*** BMS INFO ***
Protocol Version Number=1
Software Version Number=11.XW_S11.26___
Modify Parameter Password=123456
# External Temperature Sensors=2

*** BATTERY INFO ***
Manufacturer Id=123456789012JK_B2A20S20P
Manufacturer Date=2305
Device ID String=12345678
Device Address=1
Total Battery Capacity[Ah]=30, Low Capacity Alarm Percent=20
Charging Cycles=0
Total Charging Cycle Capacity=0
# Battery Cells=10, Cell Count=10

*** VOLTAGE PROTECTION INFO ***
Battery Overvoltage Protection[mV]=42000, Undervoltage=28200
Cell Overvoltage Protection[mV]=4200, Recovery=4180, Delay[s]=5
Cell Undervoltage Protection[mV]=2820, Recovery=2850, Delay[s]=5
Cell Voltage Difference Protection[mV]=300
Discharging Overcurrent Protection[A]=1, Delay[s]=20
Charging Overcurrent Protection[A]=1, Delay[s]=30

*** TEMPERATURE PROTECTION INFO ***
Power MosFet Temperature Protection=55, Recovery=50
Sensor1 Temperature Protection=100, Recovery=100
Sensor1 to Sensor2 Temperature Difference Protection=20
Charge Overtemperature Protection=80, Discharge=70
Charge Undertemperature Protection=-5, Recovery=0
Discharge Undertemperature Protection=-20, Recovery=-10

*** MISC INFO ***
Balance Starting Cell Voltage=[mV]3000
Balance Opening Voltage Difference[mV]=10

Current Calibration[mA]=1039
Sleep Wait Time[s]=10

Dedicated Charge Switch Active=0
Start Current Calibration State=0
Battery Actual Capacity[Ah]=30

*** CELL INFO ***
 1=3967 mV,  2=3965 mV,  3=3965 mV,  4=3967 mV,  5=3967 mV,  6=3967 mV,  7=3968 mV,  8=3967 mV, 
 9=3969 mV, 10=3968 mV, 
Minimum=3965 mV at cell #2, Maximum=3969 mV at cell #9
Delta=4 mV, Average=3967 mV

*** DYNAMIC INFO ***
Total Runtime Minutes=1640 ->    1D 3H20M
Temperature: Power MosFet=26, Sensor 1=44, Sensor 2=57

SOC[%]=83 -> Remaining Capacity[Ah]=24
Battery Voltage[V]=39.66, Current[A]=0.00, Power[W]=0

Charging MosFet enabled, active | Discharging MosFet enabled, active | Balancing enabled, not active


Send CAN
CANId=0x351, FrameLength=8, Data=0xA4, 0x1, 0xA, 0x0, 0xA, 0x0, 0x1A, 0x1
CANId=0x355, FrameLength=4, Data=0x53, 0x0, 0x5F, 0x0
CANId=0x356, FrameLength=6, Data=0x8C, 0x1, 0x0, 0x0, 0x3A, 0x2
CANId=0x35E, FrameLength=8, Data=0x50, 0x59, 0x4C, 0x4F, 0x4E, 0x20, 0x20, 0x20
CANId=0x35C, FrameLength=2, Data=0xC0, 0x0
CANId=0x305, FrameLength=8, Data=0x21, 0x0, 0x0, 0x0, 0x0, 0x0, 0x0, 0x0
CANId=0x359, FrameLength=7, Data=0x0, 0x0, 0x0, 0x0, 0x1, 0x50, 0x4E
Send requestFrame with TxToJKBMS
 0x4E 0x57 0x0 0x13 0x0 0x0 0x0 0x0 0x6 0x3 0x0 0x0 0x0 0x0 0x0 0x0 0x68 0x0 0x0 0x1 0x29

273 bytes received
0x00  0x4E 0x57 0x01 0x0F 0x00 0x00 0x00 0x00 0x06 0x00 0x01 
0x0B  0x79 0x1E 0x01 0x0F 0x7F 
0x10  0x02 0x0F 0x7D 0x03 0x0F 0x7F 0x04 0x0F 0x7F 0x05 0x0F 0x7F 0x06 0x0F 0x7F 0x07 
0x20  0x0F 0x80 0x08 0x0F 0x7F 0x09 0x0F 0x80 0x0A 0x0F 0x81 
0x2B  0x80 0x00 0x1A 0x81 0x00 
0x30  0x2C 0x82 0x00 0x39 0x83 0x0F 0x7E 0x84 0x00 0x00 0x85 0x53 0x86 0x02 0x87 0x00 
0x40  0x00 0x89 0x00 0x00 0x00 0x00 0x8A 0x00 0x0A 0x8B 0x00 0x00 0x8C 0x00 0x03 0x8E 
0x50  0x10 0x68 0x8F 0x0B 0x04 0x90 0x10 0x68 0x91 0x10 0x54 0x92 0x00 0x05 0x93 0x0B 
0x60  0x04 0x94 0x0B 0x22 0x95 0x00 0x05 0x96 0x01 0x2C 0x97 0x00 0x01 0x98 0x00 0x14 
0x70  0x99 0x00 0x01 0x9A 0x00 0x1E 0x9B 0x0B 0xB8 0x9C 0x00 0x0A 0x9D 0x01 0x9E 0x00 
0x80  0x37 0x9F 0x00 0x32 0xA0 0x00 0x64 0xA1 0x00 0x64 0xA2 0x00 0x14 0xA3 0x00 0x50 
0x90  0xA4 0x00 0x46 0xA5 0xFF 0xFB 0xA6 0x00 0x00 0xA7 0xFF 0xEC 0xA8 0xFF 0xF6 0xA9 
0xA0  0x0A 0xAA 0x00 0x00 0x00 0x1E 0xAB 0x01 0xAC 0x01 0xAD 0x04 0x0F 0xAE 0x01 0xAF 
0xB0  0x01 0xB0 0x00 0x0A 0xB1 0x14 0xB2 0x31 0x32 0x33 0x34 0x35 0x36 0x00 0x00 0x00 
0xC0  0x00 0xB3 0x00 0xB4 0x31 0x32 0x33 0x34 0x35 0x36 0x37 0x38 0xB5 0x32 0x33 0x30 
0xD0  0x35 0xB6 0x00 0x00 0x06 0x68 0xB7 0x31 0x31 0x2E 0x58 0x57 0x5F 0x53 0x31 0x31 
0xE0  0x2E 0x32 0x36 0x5F 0x5F 0x5F 0xB8 0x00 0xB9 0x00 0x00 0x00 0x1E 0xBA 0x31 0x32 
0xF0  0x33 0x34 0x35 0x36 0x37 0x38 0x39 0x30 0x31 0x32 0x4A 0x4B 0x5F 0x42 0x32 0x41 
0x100  0x32 0x30 0x53 0x32 0x30 0x50 0xC0 0x01 
0x108  0x00 0x00 0x00 0x00 0x68 0x00 0x00 0x45 
0x110  0x68 

*** CELL INFO ***
 1=3967 mV,  2=3965 mV,  3=3967 mV,  4=3967 mV,  5=3967 mV,  6=3967 mV,  7=3968 mV,  8=3967 mV, 
 9=3968 mV, 10=3969 mV, 
Minimum=3965 mV at cell #2, Maximum=3969 mV at cell #10
Delta=4 mV, Average=3967 mV

*** DYNAMIC INFO ***
Temperature: Power MosFet=26, Sensor 1=44, Sensor 2=57

SOC[%]=83 -> Remaining Capacity[Ah]=24
Battery Voltage[V]=39.66, Current[A]=0.00, Power[W]=0

Charging MosFet enabled, active | Discharging MosFet enabled, active | Balancing enabled, not active


Send CAN
CANId=0x351, FrameLength=8, Data=0xA4, 0x1, 0xA, 0x0, 0xA, 0x0, 0x1A, 0x1
CANId=0x355, FrameLength=4, Data=0x53, 0x0, 0x5F, 0x0
CANId=0x356, FrameLength=6, Data=0x8C, 0x1, 0x0, 0x0, 0x3A, 0x2
CANId=0x35E, FrameLength=8, Data=0x50, 0x59, 0x4C, 0x4F, 0x4E, 0x20, 0x20, 0x20
CANId=0x35C, FrameLength=2, Data=0xC0, 0x0
CANId=0x305, FrameLength=8, Data=0x21, 0x0, 0x0, 0x0, 0x0, 0x0, 0x0, 0x0
CANId=0x359, FrameLength=7, Data=0x0, 0x0, 0x0, 0x0, 0x1, 0x50, 0x4E
