START ../src/JK-BMSToPylontechCAN.cpp
Version 2.0 from Sep  8 2023
Serial to JK-BMS started with 115200 bit/s!
CAN started with 500 kbit/s!
If you connect debug pin 3 to ground, additional debug data is printed
2000 ms between 2 BMS requests
2000 ms between 2 CAN transmissions

*** BMS INFO ***
Protocol Version Number=1
Software Version Number=11.XW_S11.26___
Modify Parameter Password=1234
# External Temperature Sensors=2

*** BATTERY INFO ***
Manufacturer Date=2307
Manufacturer Id=Armins__BMS1JK_B2A20S20P
Device ID String=Armins__
Device Address=1
Total Battery Capacity[Ah]=115, Low Capacity Alarm Percent=20
Charging Cycles=1
Total Charging Cycle Capacity=218
# Battery Cells=16, Cell Count=16

*** VOLTAGE PROTECTION INFO ***
Battery Overvoltage Protection[mV]=55200, Undervoltage=48000
Cell Overvoltage Protection[mV]=3450, Recovery=3400, Delay[s]=5
Cell Undervoltage Protection[mV]=3000, Recovery=3050, Delay[s]=5
Cell Voltage Difference Protection[mV]=300
Discharging Overcurrent Protection[A]=80, Delay[s]=30
Charging Overcurrent Protection[A]=43, Delay[s]=30

*** TEMPERATURE PROTECTION INFO ***
Power MosFet Temperature Protection=80, Recovery=70
Sensor1 Temperature Protection=100, Recovery=100
Sensor1 to Sensor2 Temperature Difference Protection=20
Charge Overtemperature Protection=45, Discharge=45
Charge Undertemperature Protection=3, Recovery=5
Discharge Undertemperature Protection=-20, Recovery=-10

*** MISC INFO ***
Balance Starting Cell Voltage=[mV]3350
Balance Triggering Voltage Difference[mV]=10

Current Calibration[mA]=1048
Sleep Wait Time[s]=10

Dedicated Charge Switch Active=0
Start Current Calibration State=0
Battery Actual Capacity[Ah]=115

Total Runtime Minutes=49260 ->   34D05H00M
*** CELL INFO ***
16 Cells, Minimum=3397 mV, Maximum=3408mV, Delta=11 mV, Average=3403 mV
 1=3397 mV,  2=3399 mV,  3=3400 mV,  4=3403 mV,  5=3406 mV,  6=3407 mV,  7=3407 mV,  8=3408 mV,
 9=3400 mV,  10=3406 mV, 11=3407 mV, 12=3404 mV, 13=3404 mV, 14=3403 mV, 15=3401 mV, 16=3402 mV,

Temperature: Power MosFet=28, Sensor 1=25, Sensor 2=25
SOC[%]=99 -> Remaining Capacity[Ah]=113
Battery Voltage[V]=54.41, Current[A]=-1.25, Power[W]=-68
Battery Voltage difference to full[V]=0.8
Charging MosFet enabled, active | Discharging MosFet enabled, active | Balancing enabled, not active
Battery Voltage[V]=54.41, Current[A]=1.25, Power[W]=68
Battery Voltage difference to full[V]=0.8

Set LCD display page to: 0
Set LCD display page to: 1
Set LCD display page to: 2
Debug mode just activated
Send CAN
CANId=0x351, FrameLength=8, Data=0x28, 0x2, 0xF4, 0x1, 0x20, 0x3, 0xE0, 0x1
CANId=0x355, FrameLength=4, Data=0x3C, 0x0, 0x64, 0x0
CANId=0x356, FrameLength=6, Data=0x6C, 0x14, 0x0, 0x0, 0xDC, 0x0
CANId=0x35E, FrameLength=8, Data=0x50, 0x59, 0x4C, 0x4F, 0x4E, 0x20, 0x20, 0x20
CANId=0x35C, FrameLength=2, Data=0xC0, 0x0
CANId=0x305, FrameLength=8, Data=0x21, 0x0, 0x0, 0x0, 0x0, 0x0, 0x0, 0x0
CANId=0x359, FrameLength=7, Data=0x0, 0x0, 0x0, 0x0, 0x1, 0x50, 0x4E

Send requestFrame with TxToJKBMS
 0x4E 0x57 0x0 0x13 0x0 0x0 0x0 0x0 0x6 0x3 0x0 0x0 0x0 0x0 0x0 0x0 0x68 0x0 0x0 0x1 0x29
291 bytes received
0x00  0x4E 0x57 0x01 0x21 0x00 0x00 0x00 0x00 0x06 0x00 0x01
0x0B  0x79 0x30 0x01 0x0C 0xC6
0x10  0x02 0x0C 0xBE 0x03 0x0C 0xC7 0x04 0x0C 0xC7 0x05 0x0C 0xC7 0x06 0x0C 0xC5 0x07
0x20  0x0C 0xC6 0x08 0x0C 0xC7 0x09 0x0C 0xC2 0x0A 0x0C 0xC2 0x0B 0x0C 0xC2 0x0C 0x0C
0x30  0xC2 0x0D 0x0C 0xC1 0x0E 0x0C 0xC1 0x0F 0x0C 0xC1 0x10 0x0C 0xC1
0x3D  0x80 0x00 0x16
0x40  0x81 0x00 0x15 0x82 0x00 0x16 0x83 0x14 0x6C 0x84 0x00 0x00 0x85 0x3C 0x86 0x02
0x50  0x87 0x00 0x00 0x89 0x00 0x00 0x00 0x00 0x8A 0x00 0x10 0x8B 0x00 0x00 0x8C 0x00
0x60  0x03 0x8E 0x15 0x90 0x8F 0x12 0xC0 0x90 0x0D 0x7A 0x91 0x0D 0x48 0x92 0x00 0x05
0x70  0x93 0x0B 0xB8 0x94 0x0B 0xEA 0x95 0x00 0x05 0x96 0x01 0x2C 0x97 0x00 0x50 0x98
0x80  0x00 0x1E 0x99 0x00 0x32 0x9A 0x00 0x1E 0x9B 0x0C 0x80 0x9C 0x00 0x0A 0x9D 0x01
0x90  0x9E 0x00 0x50 0x9F 0x00 0x46 0xA0 0x00 0x64 0xA1 0x00 0x64 0xA2 0x00 0x14 0xA3
0xA0  0x00 0x3C 0xA4 0x00 0x46 0xA5 0x00 0x05 0xA6 0x00 0x0A 0xA7 0xFF 0xEC 0xA8 0xFF
0xB0  0xF6 0xA9 0x10 0xAA 0x00 0x00 0x00 0x6E 0xAB 0x01 0xAC 0x01 0xAD 0x04 0x18 0xAE
0xC0  0x01 0xAF 0x00 0xB0 0x00 0x0A 0xB1 0x14 0xB2 0x31 0x32 0x33 0x34 0x35 0x36 0x00
0xD0  0x00 0x00 0x00 0xB3 0x00 0xB4 0x41 0x72 0x6D 0x69 0x6E 0x73 0x5F 0x5F 0xB5 0x32
0xE0  0x33 0x30 0x37 0xB6 0x00 0x00 0x0E 0x85 0xB7 0x31 0x31 0x2E 0x58 0x57 0x5F 0x53
0xF0  0x31 0x31 0x2E 0x32 0x36 0x5F 0x5F 0x5F 0xB8 0x00 0xB9 0x00 0x00 0x00 0x6E 0xBA
0x100  0x41 0x72 0x6D 0x69 0x6E 0x73 0x5F 0x5F 0x42 0x4D 0x53 0x00 0x4A 0x4B 0x5F 0x42
0x110  0x32 0x41 0x32 0x30 0x53 0x32 0x30 0x50 0xC0 0x01
0x11A  0x00 0x00 0x00 0x00 0x68 0x00
0x120  0x00 0x51 0xCA

Send CAN
CANId=0x351, FrameLength=8, Data=0x28, 0x2, 0xF4, 0x1, 0x20, 0x3, 0xE0, 0x1
CANId=0x355, FrameLength=4, Data=0x3C, 0x0, 0x64, 0x0
CANId=0x356, FrameLength=6, Data=0x6C, 0x14, 0x0, 0x0, 0xDC, 0x0
CANId=0x35E, FrameLength=8, Data=0x50, 0x59, 0x4C, 0x4F, 0x4E, 0x20, 0x20, 0x20
CANId=0x35C, FrameLength=2, Data=0xC0, 0x0
CANId=0x305, FrameLength=8, Data=0x21, 0x0, 0x0, 0x0, 0x0, 0x0, 0x0, 0x0
CANId=0x359, FrameLength=7, Data=0x0, 0x0, 0x0, 0x0, 0x1, 0x50, 0x4E
Temperature: Power MosFet=22, Sensor 1=21, Sensor 2=21
Battery Voltage[V]=52.28, Current[A]=0.20, Power[W]=10
Send CAN
CANId=0x351, FrameLength=8, Data=0x28, 0x2, 0xF4, 0x1, 0x20, 0x3, 0xE0, 0x1
CANId=0x355, FrameLength=4, Data=0x3C, 0x0, 0x64, 0x0
CANId=0x356, FrameLength=6, Data=0x6C, 0x14, 0x2, 0x0, 0xDC, 0x0
CANId=0x35E, FrameLength=8, Data=0x50, 0x59, 0x4C, 0x4F, 0x4E, 0x20, 0x20, 0x20
CANId=0x35C, FrameLength=2, Data=0xC0, 0x0
CANId=0x305, FrameLength=8, Data=0x21, 0x0, 0x0, 0x0, 0x0, 0x0, 0x0, 0x0
CANId=0x359, FrameLength=7, Data=0x0, 0x0, 0x0, 0x0, 0x1, 0x50, 0x4E
Battery Voltage[V]=52.28, Current[A]=0.41, Power[W]=21
Set LCD display page to: 3
Send CAN
CANId=0x351, FrameLength=8, Data=0x28, 0x2, 0xF4, 0x1, 0x20, 0x3, 0xE0, 0x1
CANId=0x355, FrameLength=4, Data=0x3C, 0x0, 0x64, 0x0
CANId=0x356, FrameLength=6, Data=0x6C, 0x14, 0x4, 0x0, 0xDC, 0x0
CANId=0x35E, FrameLength=8, Data=0x50, 0x59, 0x4C, 0x4F, 0x4E, 0x20, 0x20, 0x20
CANId=0x35C, FrameLength=2, Data=0xC0, 0x0
CANId=0x305, FrameLength=8, Data=0x21, 0x0, 0x0, 0x0, 0x0, 0x0, 0x0, 0x0
CANId=0x359, FrameLength=7, Data=0x0, 0x0, 0x0, 0x0, 0x1, 0x50, 0x4E
Charging MosFet enabled, active | Discharging MosFet enabled, active | Balancing enabled, active
Set LCD display page to: 0
Send CAN
CANId=0x351, FrameLength=8, Data=0x28, 0x2, 0xF4, 0x1, 0x20, 0x3, 0xE0, 0x1
CANId=0x355, FrameLength=4, Data=0x3C, 0x0, 0x64, 0x0
CANId=0x356, FrameLength=6, Data=0x6C, 0x14, 0x4, 0x0, 0xDC, 0x0
CANId=0x35E, FrameLength=8, Data=0x50, 0x59, 0x4C, 0x4F, 0x4E, 0x20, 0x20, 0x20
CANId=0x35C, FrameLength=2, Data=0xC0, 0x0
CANId=0x305, FrameLength=8, Data=0x21, 0x0, 0x0, 0x0, 0x0, 0x0, 0x0, 0x0
CANId=0x359, FrameLength=7, Data=0x0, 0x0, 0x0, 0x0, 0x1, 0x50, 0x4E
Set LCD display page to: 1
Send CAN
CANId=0x351, FrameLength=8, Data=0x28, 0x2, 0xF4, 0x1, 0x20, 0x3, 0xE0, 0x1
CANId=0x355, FrameLength=4, Data=0x3C, 0x0, 0x64, 0x0
CANId=0x356, FrameLength=6, Data=0x6C, 0x14, 0x4, 0x0, 0xDC, 0x0
CANId=0x35E, FrameLength=8, Data=0x50, 0x59, 0x4C, 0x4F, 0x4E, 0x20, 0x20, 0x20
CANId=0x35C, FrameLength=2, Data=0xC0, 0x0
CANId=0x305, FrameLength=8, Data=0x21, 0x0, 0x0, 0x0, 0x0, 0x0, 0x0, 0x0
CANId=0x359, FrameLength=7, Data=0x0, 0x0, 0x0, 0x0, 0x1, 0x50, 0x4E
Set LCD display page to: 2
Send CAN
CANId=0x351, FrameLength=8, Data=0x28, 0x2, 0xF4, 0x1, 0x20, 0x3, 0xE0, 0x1
CANId=0x355, FrameLength=4, Data=0x3C, 0x0, 0x64, 0x0
CANId=0x356, FrameLength=6, Data=0x6C, 0x14, 0x4, 0x0, 0xDC, 0x0
CANId=0x35E, FrameLength=8, Data=0x50, 0x59, 0x4C, 0x4F, 0x4E, 0x20, 0x20, 0x20
CANId=0x35C, FrameLength=2, Data=0xC0, 0x0
CANId=0x305, FrameLength=8, Data=0x21, 0x0, 0x0, 0x0, 0x0, 0x0, 0x0, 0x0
CANId=0x359, FrameLength=7, Data=0x0, 0x0, 0x0, 0x0, 0x1, 0x50, 0x4E
Temperature: Power MosFet=23, Sensor 1=21, Sensor 2=21
Temperature: Power MosFet=22, Sensor 1=21, Sensor 2=21
Charging MosFet enabled, active | Discharging MosFet enabled, active | Balancing enabled, not active
Temperature: Power MosFet=22, Sensor 1=21, Sensor 2=22
Battery Voltage[V]=52.28, Current[A]=0.00, Power[W]=0
Charging MosFet enabled, active | Discharging MosFet enabled, active | Balancing enabled, active
Charging MosFet enabled, active | Discharging MosFet enabled, active | Balancing enabled, not active
Charging MosFet enabled, active | Discharging MosFet enabled, active | Balancing enabled, active
Charging MosFet enabled, active | Discharging MosFet enabled, active | Balancing enabled, not active
Charging MosFet enabled, active | Discharging MosFet enabled, active | Balancing enabled, active
Charging MosFet enabled, active | Discharging MosFet enabled, active | Balancing enabled, not active
