Page switching button is at pin PAGE_BUTTON_PIN
At long press, CAN Info page is entered and additional debug data is printed as long as button is pressed
2000 ms between 2 BMS requests
2000 ms between 2 CAN transmissions
No LCD Backlight timeout

*** BMS INFO ***
Protocol Version Number=1
Software Version Number=11.XW_S11.26___
Modify Parameter Password=1234
# External Temperature Sensors=2

*** BATTERY INFO ***
Manufacturer Date=2307
Manufacturer Id=Armins__BMS1JK_B2A20S20P
Device ID String=Armins__
Device Address=1
Total Battery Capacity[Ah]=60, Low Capacity Alarm Percent=20
Charging Cycles=2
Total Charging Cycle Capacity=177
# Battery Cells=16, Cell Count=16

*** VOLTAGE PROTECTION INFO ***
Battery Overvoltage Protection[V]=55.20, Undervoltage=51.20
Cell Overvoltage Protection[mV]=3450, Recovery=3430, Delay[s]=5
Cell Undervoltage Protection[mV]=3200, Recovery=3210, Delay[s]=5
Cell Voltage Difference Protection[mV]=300
Discharging Overcurrent Protection[A]=80, Delay[s]=30
Charging Overcurrent Protection[A]=43, Delay[s]=30

*** TEMPERATURE PROTECTION INFO ***
Power MosFet Temperature Protection=80, Recovery=70
Sensor1 Temperature Protection=100, Recovery=100
Sensor1 to Sensor2 Temperature Difference Protection=20
Charge Overtemperature Protection=45, Discharge=45
Charge Undertemperature Protection=3, Recovery=5
Discharge Undertemperature Protection=-20, Recovery=-10

*** MISC INFO ***
Balance Starting Cell Voltage[mV]=3100
Balance Triggering Voltage Difference[mV]=10

Current Calibration[mA]=1048
Sleep Wait Time[s]=10

Dedicated Charge Switch Active=0
Start Current Calibration State=0
Battery Actual Capacity[Ah]=60

CSV: 250;248;248;247;248;248;250;250;246;252;248;247;247;250;248;248;5197;6.07;2;0
Cell_1;Cell_2;Cell_3;Cell_4;Cell_5;Cell_6;Cell_7;Cell_8;Cell_9;Cell_10;Cell_11;Cell_12;Cell_13;Cell_14;Cell_15;Cell_16;Voltage;Current;SOC;Balancing
Total Runtime_325906 minutes ->  226D07H46M
*** CELL INFO ***
16 Cells, Minimum at 8 =3246 mV, Maximum at 9 =3252mV, Delta=6 mV, Average=3248 mV
1=3250 mV,  2=3248 mV,  3=3248 mV,  4=3247 mV,  5=3248 mV,  6=3248 mV,  7=3250 mV,  8=3250 mV,  
9=3246 mV, 10=3252 mV, 11=3248 mV, 12=3247 mV, 13=3247 mV, 14=3250 mV, 15=3248 mV, 16=3248 mV, 

Temperature: Power MosFet=23, Sensor 1=21, Sensor 2=22
SOC[%]=2 -> Remaining Capacity[Ah]=1
Battery Voltage[V]=51.97, Current[A]=6.07, Power[W]=315, Difference to empty[V]=0.8
Charging MosFet enabled, active | Discharging MosFet enabled, active | Balancing enabled, not active
CSV: 250;247;247;247;250;248;250;250;245;251;248;247;247;250;250;250;5197;6.07;2;0
Set LCD display page to: 0

Long press detected -> switch to CAN page and activate one time debug print
Set LCD display page to: 4

Send requestFrame with TxToJKBMS
 0x4E 0x57 0x00 0x13 0x00 0x00 0x00 0x00 0x06 0x03 0x00 0x00 0x00 0x00 0x00 0x00
 0x68 0x00 0x00 0x01 0x29
291 bytes received
 0x4E 0x57 0x01 0x21 0x00 0x00 0x00 0x00 0x06 0x00 0x01
 0x79 0x30
 0x01 0x0C 0xB2 0x02 0x0C 0xB0 0x03 0x0C 0xB0 0x04 0x0C 0xAF 0x05 0x0C 0xB2 0x06
 0x0C 0xB0 0x07 0x0C 0xB2 0x08 0x0C 0xB2 0x09 0x0C 0xAD 0x0A 0x0C 0xB3 0x0B 0x0C
 0xB0 0x0C 0x0C 0xB0 0x0D 0x0C 0xB0 0x0E 0x0C 0xB3 0x0F 0x0C 0xB2 0x10 0x0C 0xB2

 0x80 0x00 0x17 0x81 0x00 0x15 0x82 0x00 0x16 0x83 0x14 0x4E 0x84 0x82 0x4A 0x85
 0x02 0x86 0x02 0x87 0x00 0x02 0x89 0x00 0x00 0x00 0xB1 0x8A 0x00 0x10 0x8B 0x00
 0x00 0x8C 0x00 0x03 0x8E 0x15 0x90 0x8F 0x14 0x00 0x90 0x0D 0x7A 0x91 0x0D 0x66
 0x92 0x00 0x05 0x93 0x0C 0x80 0x94 0x0C 0x8A 0x95 0x00 0x05 0x96 0x01 0x2C 0x97
 0x00 0x50 0x98 0x00 0x1E 0x99 0x00 0x2B 0x9A 0x00 0x1E 0x9B 0x0C 0x1C 0x9C 0x00
 0x0A 0x9D 0x01 0x9E 0x00 0x50 0x9F 0x00 0x46 0xA0 0x00 0x64 0xA1 0x00 0x64 0xA2
 0x00 0x14 0xA3 0x00 0x2D 0xA4 0x00 0x2D 0xA5 0x00 0x03 0xA6 0x00 0x05 0xA7 0xFF
 0xEC 0xA8 0xFF 0xF6 0xA9 0x10 0xAA 0x00 0x00 0x00 0x3C 0xAB 0x01 0xAC 0x01 0xAD
 0x04 0x18 0xAE 0x01 0xAF 0x00 0xB0 0x00 0x0A 0xB1 0x14 0xB2 0x31 0x32 0x33 0x34
 0x00 0x00 0x00 0x00 0x00 0x00 0xB3 0x00 0xB4 0x41 0x72 0x6D 0x69 0x6E 0x73 0x5F
 0x5F 0xB5 0x32 0x33 0x30 0x37 0xB6 0x00 0x04 0xF9 0x13 0xB7 0x31 0x31 0x2E 0x58
 0x57 0x5F 0x53 0x31 0x31 0x2E 0x32 0x36 0x5F 0x5F 0x5F 0xB8 0x00 0xB9 0x00 0x00
 0x00 0x3C 0xBA 0x41 0x72 0x6D 0x69 0x6E 0x73 0x5F 0x5F 0x42 0x4D 0x53 0x31 0x4A
 0x4B 0x5F 0x42 0x32 0x41 0x32 0x30 0x53 0x32 0x30 0x50 0xC0 0x01
 0x00 0x00 0x00 0x00 0x68 0x00 0x00 0x4F 0xD8

Set LCD display page to: 5
Print SOC data with each entry printed twice
49 28 14 -3 0 0 0 0 0 0
49 28 14 -3 0 0 0 0 0 0
48 28 13 -7 0 0 0 0 0 0
48 28 13 -7 0 0 0 0 0 0
47 27 11 -13 0 0 0 0 0 0
47 27 11 -13 0 0 0 0 0 0
46 27 11 -11 0 0 0 0 0 0
46 27 11 -11 0 0 0 0 0 0
45 26 11 -12 0 0 0 0 0 0
45 26 11 -12 0 0 0 0 0 0
44 25 11 -11 0 0 0 0 0 0
44 25 11 -11 0 0 0 0 0 0
43 25 11 -12 0 0 0 0 0 0
43 25 11 -12 0 0 0 0 0 0
42 24 12 -4 0 0 0 0 0 0
42 24 12 -4 0 0 0 0 0 0
41 24 12 -5 0 0 0 0 0 0
41 24 12 -5 0 0 0 0 0 0
40 23 10 -15 0 0 0 0 0 0
40 23 10 -15 0 0 0 0 0 0
39 22 10 -14 0 0 0 0 0 0
39 22 10 -14 0 0 0 0 0 0
38 22 10 -15 0 0 0 0 0 0
38 22 10 -15 0 0 0 0 0 0
37 21 8 -25 0 0 0 0 0 0
37 21 8 -25 0 0 0 0 0 0
36 21 8 -26 0 0 0 0 0 0
36 21 8 -26 0 0 0 0 0 0
35 20 8 -24 0 0 0 0 0 0
35 20 8 -24 0 0 0 0 0 0
34 19 8 -23 0 0 0 0 0 0
34 19 8 -23 0 0 0 0 0 0
33 19 8 -23 0 0 0 0 0 0
33 19 8 -23 0 0 0 0 0 0
32 18 9 -13 0 0 0 0 0 0
32 18 9 -13 0 0 0 0 0 0
31 18 12 -2 0 0 0 0 0 0
31 18 12 -2 0 0 0 0 0 0
30 17 10 -12 0 0 0 0 0 0
30 17 10 -12 0 0 0 0 0 0
29 16 9 -12 0 0 0 0 0 0
29 16 9 -12 0 0 0 0 0 0
28 16 9 -13 0 0 0 0 0 0
28 16 9 -13 0 0 0 0 0 0
27 15 8 -13 0 0 0 0 0 0
27 15 8 -13 0 0 0 0 0 0
26 15 8 -13 0 0 0 0 0 0
26 15 8 -13 0 0 0 0 0 0
25 14 8 -13 0 0 0 0 0 0
25 14 8 -13 0 0 0 0 0 0
24 13 10 -2 0 0 0 0 0 0
24 13 10 -2 0 0 0 0 0 0
23 13 8 -11 0 0 0 0 0 0
23 13 8 -11 0 0 0 0 0 0
22 12 7 -13 0 0 0 0 0 0
22 12 7 -13 0 0 0 0 0 0
21 12 6 -13 0 0 0 0 0 0
21 12 6 -13 0 0 0 0 0 0
20 11 6 -14 0 0 0 0 0 0
20 11 6 -14 0 0 0 0 0 0
19 10 5 -14 0 0 0 0 0 0
19 10 5 -14 0 0 0 0 0 0
18 10 5 -14 0 0 0 0 0 0
18 10 5 -14 0 0 0 0 0 0
17 9 5 -14 0 0 0 0 0 0
17 9 5 -14 0 0 0 0 0 0
16 9 6 -8 0 0 0 0 0 0
16 9 6 -8 0 0 0 0 0 0
15 8 7 -3 0 0 0 0 0 0
15 8 7 -3 0 0 0 0 0 0
14 7 5 -13 0 0 0 0 0 0
14 7 5 -13 0 0 0 0 0 0
13 7 4 -13 0 0 0 0 0 0
13 7 4 -13 0 0 0 0 0 0
12 6 4 -13 0 0 0 0 0 0
12 6 4 -13 0 0 0 0 0 0
11 6 3 -13 0 0 0 0 0 0
11 6 3 -13 0 0 0 0 0 0
10 5 3 -13 0 0 0 0 0 0
10 5 3 -13 0 0 0 0 0 0
9 4 2 -13 0 0 0 0 0 0
9 4 2 -13 0 0 0 0 0 0
8 4 2 -13 0 0 0 0 0 0
8 4 2 -13 0 0 0 0 0 0
7 3 1 -14 0 0 0 0 0 0
7 3 1 -14 0 0 0 0 0 0
6 3 1 -11 0 0 0 0 0 0
6 3 1 -11 0 0 0 0 0 0
5 2 3 -4 0 0 0 0 0 0
5 2 3 -4 0 0 0 0 0 0
4 1 1 -10 0 0 0 0 0 0
4 1 1 -10 0 0 0 0 0 0
3 1 1 -7 0 0 0 0 0 0
3 1 1 -7 0 0 0 0 0 0
2 0 1 -5 0 0 0 0 0 0
2 0 1 -5 0 0 0 0 0 0
1 0 1 -4 0 0 0 0 0 0
1 0 1 -4 0 0 0 0 0 0
2 1 8 10 0 0 0 0 0 0
2 1 8 10 0 0 0 0 0 0
3 1 9 10 0 0 0 0 0 0
3 1 9 10 0 0 0 0 0 0
4 2 10 12 0 0 0 0 0 0
4 2 10 12 0 0 0 0 0 0
5 2 11 11 0 0 0 0 0 0
5 2 11 11 0 0 0 0 0 0
6 3 10 3 0 0 0 0 0 0
6 3 10 3 0 0 0 0 0 0
7 4 12 14 0 0 0 0 0 0
7 4 12 14 0 0 0 0 0 0
8 4 14 15 0 0 0 0 0 0
8 4 14 15 0 0 0 0 0 0
9 5 15 19 0 0 0 0 0 0
9 5 15 19 0 0 0 0 0 0
10 5 16 20 0 0 0 0 0 0
10 5 16 20 0 0 0 0 0 0
11 6 16 20 0 0 0 0 0 0
11 6 16 20 0 0 0 0 0 0
12 7 16 20 0 0 0 0 0 0
12 7 16 20 0 0 0 0 0 0
13 7 16 13 0 0 0 0 0 0
13 7 16 13 0 0 0 0 0 0
14 8 15 10 0 0 0 0 0 0
14 8 15 10 0 0 0 0 0 0
15 8 15 6 0 0 0 0 0 0
15 8 15 6 0 0 0 0 0 0
16 9 15 8 0 0 0 0 0 0
16 9 15 8 0 0 0 0 0 0
17 10 17 14 0 0 0 0 0 0
17 10 17 14 0 0 0 0 0 0
18 10 18 19 0 0 0 0 0 0
18 10 18 19 0 0 0 0 0 0
19 11 18 17 0 0 0 0 0 0
19 11 18 17 0 0 0 0 0 0
20 11 19 18 0 0 0 0 0 0
20 11 19 18 0 0 0 0 0 0
21 12 20 19 0 0 0 0 0 0
21 12 20 19 0 0 0 0 0 0
22 13 20 18 0 0 0 0 0 0
22 13 20 18 0 0 0 0 0 0
23 13 20 15 0 0 0 0 0 0
23 13 20 15 0 0 0 0 0 0
24 14 20 17 0 0 0 0 0 0
24 14 20 17 0 0 0 0 0 0
25 14 20 15 0 0 0 0 0 0
25 14 20 15 0 0 0 0 0 0
26 15 19 10 0 0 0 0 0 0
26 15 19 10 0 0 0 0 0 0
27 16 18 5 0 0 0 0 0 0
27 16 18 5 0 0 0 0 0 0
28 16 19 11 0 0 0 0 0 0
28 16 19 11 0 0 0 0 0 0
29 17 21 18 0 0 0 0 0 0
29 17 21 18 0 0 0 0 0 0
30 17 21 19 0 0 0 0 0 0
30 17 21 19 0 0 0 0 0 0
31 18 21 20 0 0 0 0 0 0
31 18 21 20 0 0 0 0 0 0
32 19 22 21 0 0 0 0 0 0
32 19 22 21 0 0 0 0 0 0
33 19 22 22 0 0 0 0 0 0
33 19 22 22 0 0 0 0 0 0
34 20 22 20 0 0 0 0 0 0
34 20 22 20 0 0 0 0 0 0
35 20 22 23 0 0 0 0 0 0
35 20 22 23 0 0 0 0 0 0
36 21 22 24 0 0 0 0 0 0
36 21 22 24 0 0 0 0 0 0
37 22 22 23 0 0 0 0 0 0
37 22 22 23 0 0 0 0 0 0
38 22 22 23 0 0 0 0 0 0
38 22 22 23 0 0 0 0 0 0
39 23 22 22 0 0 0 0 0 0
39 23 22 22 0 0 0 0 0 0
40 23 20 13 0 0 0 0 0 0
40 23 20 13 0 0 0 0 0 0
41 24 19 8 0 0 0 0 0 0
41 24 19 8 0 0 0 0 0 0
42 25 19 8 0 0 0 0 0 0
42 25 19 8 0 0 0 0 0 0
43 25 21 18 0 0 0 0 0 0
43 25 21 18 0 0 0 0 0 0
44 26 22 24 0 0 0 0 0 0
44 26 22 24 0 0 0 0 0 0
45 26 22 24 0 0 0 0 0 0
45 26 22 24 0 0 0 0 0 0
46 27 22 24 0 0 0 0 0 0
46 27 22 24 0 0 0 0 0 0
47 28 22 25 0 0 0 0 0 0
47 28 22 25 0 0 0 0 0 0
48 28 22 25 0 0 0 0 0 0
48 28 22 25 0 0 0 0 0 0
49 29 23 26 0 0 0 0 0 0
49 29 23 26 0 0 0 0 0 0
50 29 22 23 0 0 0 0 0 0
50 29 22 23 0 0 0 0 0 0
51 30 22 24 0 0 0 0 0 0
51 30 22 24 0 0 0 0 0 0
52 31 22 23 0 0 0 0 0 0
52 31 22 23 0 0 0 0 0 0
53 31 22 24 0 0 0 0 0 0
53 31 22 24 0 0 0 0 0 0
54 32 22 23 0 0 0 0 0 0
54 32 22 23 0 0 0 0 0 0
55 32 22 22 0 0 0 0 0 0
55 32 22 22 0 0 0 0 0 0
56 33 22 21 0 0 0 0 0 0
56 33 22 21 0 0 0 0 0 0
57 34 22 21 0 0 0 0 0 0
57 34 22 21 0 0 0 0 0 0
58 34 21 12 0 0 0 0 0 0
58 34 21 12 0 0 0 0 0 0
59 35 20 11 0 0 0 0 0 0
59 35 20 11 0 0 0 0 0 0
60 35 19 5 0 0 0 0 0 0
60 35 19 5 0 0 0 0 0 0
61 36 20 9 0 0 0 0 0 0
61 36 20 9 0 0 0 0 0 0
62 37 21 16 0 0 0 0 0 0
62 37 21 16 0 0 0 0 0 0
63 37 21 14 0 0 0 0 0 0
63 37 21 14 0 0 0 0 0 0
64 38 21 15 0 0 0 0 0 0
64 38 21 15 0 0 0 0 0 0
65 38 21 15 0 0 0 0 0 0
65 38 21 15 0 0 0 0 0 0
66 39 21 15 0 0 0 0 0 0
66 39 21 15 0 0 0 0 0 0
67 40 21 14 0 0 0 0 0 0
67 40 21 14 0 0 0 0 0 0
68 40 21 15 0 0 0 0 0 0
68 40 21 15 0 0 0 0 0 0
69 41 22 17 0 0 0 0 0 0
69 41 22 17 0 0 0 0 0 0
70 41 22 16 0 0 0 0 0 0
70 41 22 16 0 0 0 0 0 0
71 42 20 7 0 0 0 0 0 0
71 42 20 7 0 0 0 0 0 0
72 43 20 7 0 0 0 0 0 0
72 43 20 7 0 0 0 0 0 0
73 43 22 20 0 0 0 0 0 0
73 43 22 20 0 0 0 0 0 0
74 44 22 19 0 0 0 0 0 0
74 44 22 19 0 0 0 0 0 0
75 44 22 19 0 0 0 0 0 0
75 44 22 19 0 0 0 0 0 0
76 45 22 18 0 0 0 0 0 0
76 45 22 18 0 0 0 0 0 0
77 46 22 19 0 0 0 0 0 0
77 46 22 19 0 0 0 0 0 0
78 46 23 20 0 0 0 0 0 0
78 46 23 20 0 0 0 0 0 0
79 47 23 20 0 0 0 0 0 0
79 47 23 20 0 0 0 0 0 0
80 47 23 19 0 0 0 0 0 0
80 47 23 19 0 0 0 0 0 0
81 48 23 20 0 0 0 0 0 0
81 48 23 20 0 0 0 0 0 0
82 49 23 20 0 0 0 0 0 0
82 49 23 20 0 0 0 0 0 0
83 49 23 20 0 0 0 0 0 0
83 49 23 20 0 0 0 0 0 0
84 50 23 21 0 0 0 0 0 0
84 50 23 21 0 0 0 0 0 0
85 50 24 22 0 0 0 0 0 0
85 50 24 22 0 0 0 0 0 0
86 51 24 20 0 0 0 0 0 0
86 51 24 20 0 0 0 0 0 0
87 52 24 22 0 0 0 0 0 0
87 52 24 22 0 0 0 0 0 0
88 52 23 16 0 0 0 0 0 0
88 52 23 16 0 0 0 0 0 0
89 53 23 17 0 0 0 0 0 0
89 53 23 17 0 0 0 0 0 0
90 53 23 18 0 0 0 0 0 0
90 53 23 18 0 0 0 0 0 0
91 54 24 19 0 0 0 0 0 0
91 54 24 19 0 0 0 0 0 0
92 55 24 21 0 0 0 0 0 0
92 55 24 21 0 0 0 0 0 0
93 55 24 21 0 0 0 0 0 0
93 55 24 21 0 0 0 0 0 0
94 56 24 22 0 0 0 0 0 0
94 56 24 22 0 0 0 0 0 0
95 56 24 22 0 0 0 0 0 0
95 56 24 22 0 0 0 0 0 0
96 57 24 22 0 0 0 0 0 0
96 57 24 22 0 0 0 0 0 0
97 58 25 22 0 0 0 0 0 0
97 58 25 22 0 0 0 0 0 0
98 58 26 25 0 0 0 0 0 0
98 58 26 25 0 0 0 0 0 0
99 59 26 25 0 0 0 0 0 0
99 59 26 25 0 0 0 0 0 0
100 59 26 25 0 0 0 0 0 0
100 59 26 25 0 0 0 0 0 0
99 62 25 16 0 0 0 0 0 0
99 62 25 16 0 0 0 0 0 0
98 61 16 -24 0 0 0 0 0 0
98 61 16 -24 0 0 0 0 0 0
97 60 18 -1 0 0 0 0 0 0
97 60 18 -1 0 0 0 0 0 0
98 61 18 5 0 0 0 0 0 0
98 61 18 5 0 0 0 0 0 0
99 62 22 8 0 0 0 0 0 0
99 62 22 8 0 0 0 0 0 0
100 62 22 6 0 0 0 0 0 0
100 62 22 6 0 0 0 0 0 0
99 63 22 2 0 0 0 0 0 0
99 63 22 2 0 0 0 0 0 0
100 63 20 3 0 0 0 0 0 0
100 63 20 3 0 0 0 0 0 0
99 55 25 79 0 0 0 0 0 0
99 55 25 79 0 0 0 0 0 0
98 54 18 -14 0 0 0 0 0 0
98 54 18 -14 0 0 0 0 0 0
97 54 18 -13 0 0 0 0 0 0
97 54 18 -13 0 0 0 0 0 0
96 53 18 -14 0 0 0 0 0 0
96 53 18 -14 0 0 0 0 0 0
95 52 17 -22 0 0 0 0 0 0
95 52 17 -22 0 0 0 0 0 0
94 52 19 -5 0 0 0 0 0 0
94 52 19 -5 0 0 0 0 0 0
93 51 20 -3 0 0 0 0 0 0
93 51 20 -3 0 0 0 0 0 0
92 51 20 -3 0 0 0 0 0 0
92 51 20 -3 0 0 0 0 0 0
91 50 19 -8 0 0 0 0 0 0
91 50 19 -8 0 0 0 0 0 0
90 49 17 -16 0 0 0 0 0 0
90 49 17 -16 0 0 0 0 0 0
89 49 16 -17 0 0 0 0 0 0
89 49 16 -17 0 0 0 0 0 0
88 48 16 -18 0 0 0 0 0 0
88 48 16 -18 0 0 0 0 0 0
87 48 16 -18 0 0 0 0 0 0
87 48 16 -18 0 0 0 0 0 0
86 47 17 -10 0 0 0 0 0 0
86 47 17 -10 0 0 0 0 0 0
85 46 18 -4 0 0 0 0 0 0
85 46 18 -4 0 0 0 0 0 0
84 46 18 -4 0 0 0 0 0 0
84 46 18 -4 0 0 0 0 0 0
83 45 18 -5 0 0 0 0 0 0
83 45 18 -5 0 0 0 0 0 0
82 45 17 -15 0 0 0 0 0 0
82 45 17 -15 0 0 0 0 0 0
81 44 16 -16 0 0 0 0 0 0
81 44 16 -16 0 0 0 0 0 0
80 43 15 -18 0 0 0 0 0 0
80 43 15 -18 0 0 0 0 0 0
79 43 14 -25 0 0 0 0 0 0
79 43 14 -25 0 0 0 0 0 0
78 42 13 -30 0 0 0 0 0 0
78 42 13 -30 0 0 0 0 0 0
77 42 13 -30 0 0 0 0 0 0
77 42 13 -30 0 0 0 0 0 0
76 41 12 -30 0 0 0 0 0 0
76 41 12 -30 0 0 0 0 0 0
75 40 12 -30 0 0 0 0 0 0
75 40 12 -30 0 0 0 0 0 0
74 40 13 -23 0 0 0 0 0 0
74 40 13 -23 0 0 0 0 0 0
73 39 15 -9 0 0 0 0 0 0
73 39 15 -9 0 0 0 0 0 0
72 39 16 -6 0 0 0 0 0 0
72 39 16 -6 0 0 0 0 0 0
71 38 16 -4 0 0 0 0 0 0
71 38 16 -4 0 0 0 0 0 0
70 37 16 -4 0 0 0 0 0 0
70 37 16 -4 0 0 0 0 0 0
69 37 12 -15 0 0 0 0 0 0
69 37 12 -15 0 0 0 0 0 0
68 36 12 -16 0 0 0 0 0 0
68 36 12 -16 0 0 0 0 0 0
67 36 11 -17 0 0 0 0 0 0
67 36 11 -17 0 0 0 0 0 0
66 35 11 -17 0 0 0 0 0 0
66 35 11 -17 0 0 0 0 0 0
65 34 11 -15 0 0 0 0 0 0
65 34 11 -15 0 0 0 0 0 0
64 34 12 -8 0 0 0 0 0 0
64 34 12 -8 0 0 0 0 0 0
63 33 13 -3 0 0 0 0 0 0
63 33 13 -3 0 0 0 0 0 0
62 33 12 -12 0 0 0 0 0 0
62 33 12 -12 0 0 0 0 0 0
61 32 10 -22 0 0 0 0 0 0
61 32 10 -22 0 0 0 0 0 0
60 31 12 -6 0 0 0 0 0 0
60 31 12 -6 0 0 0 0 0 0
59 31 10 -21 0 0 0 0 0 0
59 31 10 -21 0 0 0 0 0 0
58 30 10 -20 0 0 0 0 0 0
58 30 10 -20 0 0 0 0 0 0
57 30 9 -20 0 0 0 0 0 0
57 30 9 -20 0 0 0 0 0 0
56 29 9 -20 0 0 0 0 0 0
56 29 9 -20 0 0 0 0 0 0
55 28 9 -20 0 0 0 0 0 0
55 28 9 -20 0 0 0 0 0 0
54 28 9 -21 0 0 0 0 0 0
54 28 9 -21 0 0 0 0 0 0
53 27 10 -12 0 0 0 0 0 0
53 27 10 -12 0 0 0 0 0 0
52 27 11 -7 0 0 0 0 0 0
52 27 11 -7 0 0 0 0 0 0
51 26 12 -5 0 0 0 0 0 0
51 26 12 -5 0 0 0 0 0 0
50 25 12 -5 0 0 0 0 0 0
50 25 12 -5 0 0 0 0 0 0
49 25 12 -7 0 0 0 0 0 0
49 25 12 -7 0 0 0 0 0 0
48 24 10 -19 0 0 0 0 0 0
48 24 10 -19 0 0 0 0 0 0
47 24 8 -30 0 0 0 0 0 0
47 24 8 -30 0 0 0 0 0 0
46 23 7 -30 0 0 0 0 0 0
46 23 7 -30 0 0 0 0 0 0
45 22 7 -30 0 0 0 0 0 0
45 22 7 -30 0 0 0 0 0 0
44 22 7 -30 0 0 0 0 0 0
44 22 7 -30 0 0 0 0 0 0
43 21 7 -30 0 0 0 0 0 0
43 21 7 -30 0 0 0 0 0 0
42 20 7 -30 0 0 0 0 0 0
42 20 7 -30 0 0 0 0 0 0
41 20 8 -22 0 0 0 0 0 0
41 20 8 -22 0 0 0 0 0 0
40 19 9 -14 0 0 0 0 0 0
40 19 9 -14 0 0 0 0 0 0
39 19 11 -6 0 0 0 0 0 0
39 19 11 -6 0 0 0 0 0 0
38 18 12 -5 0 0 0 0 0 0
38 18 12 -5 0 0 0 0 0 0
37 18 12 -5 0 0 0 0 0 0
37 18 12 -5 0 0 0 0 0 0
36 17 11 -8 0 0 0 0 0 0
36 17 11 -8 0 0 0 0 0 0
35 16 10 -16 0 0 0 0 0 0
35 16 10 -16 0 0 0 0 0 0
34 16 9 -16 0 0 0 0 0 0
34 16 9 -16 0 0 0 0 0 0
33 15 9 -16 0 0 0 0 0 0
33 15 9 -16 0 0 0 0 0 0
32 15 9 -16 0 0 0 0 0 0
32 15 9 -16 0 0 0 0 0 0
31 14 10 -13 0 0 0 0 0 0
31 14 10 -13 0 0 0 0 0 0
30 13 11 -5 0 0 0 0 0 0
30 13 11 -5 0 0 0 0 0 0
29 13 11 -5 0 0 0 0 0 0
29 13 11 -5 0 0 0 0 0 0
28 12 11 -6 0 0 0 0 0 0
28 12 11 -6 0 0 0 0 0 0
27 12 10 -11 0 0 0 0 0 0
27 12 10 -11 0 0 0 0 0 0
26 11 9 -17 0 0 0 0 0 0
26 11 9 -17 0 0 0 0 0 0
25 10 9 -17 0 0 0 0 0 0
25 10 9 -17 0 0 0 0 0 0
24 10 8 -17 0 0 0 0 0 0
24 10 8 -17 0 0 0 0 0 0
23 9 8 -16 0 0 0 0 0 0
23 9 8 -16 0 0 0 0 0 0
22 9 8 -17 0 0 0 0 0 0
22 9 8 -17 0 0 0 0 0 0
21 8 10 -9 0 0 0 0 0 0
21 8 10 -9 0 0 0 0 0 0
20 7 11 -5 0 0 0 0 0 0
20 7 11 -5 0 0 0 0 0 0
19 7 11 -5 0 0 0 0 0 0
19 7 11 -5 0 0 0 0 0 0
18 6 11 -6 0 0 0 0 0 0
18 6 11 -6 0 0 0 0 0 0
17 6 9 -17 0 0 0 0 0 0
17 6 9 -17 0 0 0 0 0 0
16 5 8 -17 0 0 0 0 0 0
16 5 8 -17 0 0 0 0 0 0
15 4 8 -17 0 0 0 0 0 0
15 4 8 -17 0 0 0 0 0 0
14 4 8 -17 0 0 0 0 0 0
14 4 8 -17 0 0 0 0 0 0
13 3 8 -17 0 0 0 0 0 0
13 3 8 -17 0 0 0 0 0 0
12 3 8 -17 0 0 0 0 0 0
12 3 8 -17 0 0 0 0 0 0
11 2 10 -7 0 0 0 0 0 0
11 2 10 -7 0 0 0 0 0 0
10 1 10 -9 0 0 0 0 0 0
10 1 10 -9 0 0 0 0 0 0
9 1 8 -18 0 0 0 0 0 0
9 1 8 -18 0 0 0 0 0 0
8 0 7 -20 0 0 0 0 0 0
8 0 7 -20 0 0 0 0 0 0
7 0 6 -20 0 0 0 0 0 0
7 0 6 -20 0 0 0 0 0 0
6 0 8 -11 0 0 0 0 0 0
6 0 8 -11 0 0 0 0 0 0
5 -1 9 -8 0 0 0 0 0 0
5 -1 9 -8 0 0 0 0 0 0
4 -1 8 -14 0 0 0 0 0 0
4 -1 8 -14 0 0 0 0 0 0
3 -2 7 -14 0 0 0 0 0 0
3 -2 7 -14 0 0 0 0 0 0
2 -3 7 -14 0 0 0 0 0 0
2 -3 7 -14 0 0 0 0 0 0
1 -3 7 -14 0 0 0 0 0 0
1 -3 7 -14 0 0 0 0 0 0
SOC=1%->100%:2 Capacity_63Ah_0->63_63Ah:0 VoltToEmpty_0.10V->2.60V_[0.1V]:6 Current_-30A->79A:6 ESR_20mOhm:0 Empty_voltage_51.2_3.20V:0 _:0 _:0 _:0 _:0 _:0 _:0 _:0 _:0
SOC=1%->100%:2 Capacity_63Ah_0->63_63Ah:0 VoltToEmpty_0.10V->2.60V_[0.1V]:6 Current_-30A->79A:6 ESR_20mOhm:0 Empty_voltage_51.2_3.20V:0 _:0 _:0 _:0 _:0 _:0 _:0 _:0 _:0
Set LCD display page to: 0
Receive timeout at ReplyFrameBufferIndex=63
 0x4E 0x57 0x01 0x21 0x00 0x00 0x00 0x00 0x06 0x00 0x01
 0x79 0x30
 0x01 0x0C 0xB2 0x02 0x0C 0xB0 0x03 0x0C 0xAF 0x04 0x0C 0xAF 0x05 0x0C 0xB2 0x06
 0x0C 0xB2 0x07 0x0C 0xB2 0x08 0x0C 0xB3 0x09 0x0C 0xAE 0x0A 0x0C 0xB3 0x0B 0x0C
 0xB0 0x0C 0x0C 0xAF 0x0D 0x0C 0xB0 0x0E 0x0C 0xB2 0x0F 0x0C 0xB0 0x10 0x0C 0xB2

