START ../src/JK-BMSToPylontechCAN.cpp
Version 2.4.0 from Jan 26 2024
Monitoring enabled
EEPROM SOC data start index=87 length=256
Serial to JK-BMS started with 115.200 kbit/s!
CAN started with 500 kbit/s!
Page switching button is at pin 2
At long press, CAN Info page is entered and additional debug data is printed as long as button is pressed
2000 ms between 2 BMS requests
2000 ms between 2 CAN transmissions
No LCD Backlight timeout

*** BMS INFO ***
Protocol Version Number=1
Software Version Number=11.XW_S11.26___
Modify Parameter Password=1234
# External Temperature Sensors=2

*** BATTERY INFO ***
Manufacturer Date=2307
Manufacturer Id=Armins__BMS1JK_B2A20S20P
Device ID String=Armins__
Device Address=1
Total Battery Capacity[Ah]=115, Low Capacity Alarm Percent=20
Charging Cycles=104
Total Charging Cycle Capacity=3860
# Battery Cells=16, Cell Count=16

*** VOLTAGE PROTECTION INFO ***
Battery Overvoltage Protection[V]=55.20, Undervoltage=47.20
Cell Overvoltage Protection[mV]=3450, Recovery=3430, Delay[s]=5
Cell Undervoltage Protection[mV]=2950, Recovery=3000, Delay[s]=5
Cell Voltage Difference Protection[mV]=300
Discharging Overcurrent Protection[A]=80, Delay[s]=30
Charging Overcurrent Protection[A]=43, Delay[s]=30

*** TEMPERATURE PROTECTION INFO ***
Power MosFet Temperature Protection=80, Recovery=70
Sensor1 Temperature Protection=100, Recovery=100
Sensor1 to Sensor2 Temperature Difference Protection=20
Charge Overtemperature Protection=45, Discharge=45
Charge Undertemperature Protection=3, Recovery=5
Discharge Undertemperature Protection=-20, Recovery=-10

*** MISC INFO ***
Balance Starting Cell Voltage[mV]=2900
Balance Triggering Voltage Difference[mV]=10

Current Calibration[mA]=1048
Sleep Wait Time[s]=10

Dedicated Charge Switch Active=0
Start Current Calibration State=0
Battery Actual Capacity[Ah]=36

CSV: -5;-5;-4;-7;-4;-7;-3;-4;-9;-3;-7;-5;-7;-4;-6;-3;4791;0.00;0;0
µTotal Runtime_248745 minutes ->  172D17H45M
*** CELL INFO ***
16 Cells, Minimum=2991 mV, Maximum=2997mV, Delta=6 mV, Average=2994 mV
1=2995 mV,  2=2995 mV,  3=2996 mV,  4=2993 mV,  5=2996 mV,  6=2993 mV,  7=2997 mV,  8=2996 mV,  
9=2991 mV, 10=2997 mV, 11=2993 mV, 12=2995 mV, 13=2993 mV, 14=2996 mV, 15=2994 mV, 16=2997 mV, 

Warning: CellUndervoltageProtectionMillivolt value 2950 mV < 3000 mV is not recommended for LiFePO4 chemistry.
There is less than 10% capacity below 3.0V and 20% capacity below 3.2V.
Temperature: Power MosFet=21, Sensor 1=22, Sensor 2=22
Battery Voltage[V]=47.91, Current[A]=0.00, Power[W]=0, Difference to empty[V]=0.7
Charging MosFet enabled, active | Discharging MosFet enabled, active | Balancing enabled, not active
Set LCD display page to: 0
CSV: -5;-4;-4;-7;-3;-7;-4;-4;-9;-3;-7;-5;-7;-4;-6;-4;4791;0.00;0;0

Long press detected -> switch to CAN page and activate one time debug print
Set LCD display page to: 4

Send requestFrame with TxToJKBMS
 0x4E 0x57 0x0 0x13 0x0 0x0 0x0 0x0 0x6 0x3 0x0 0x0 0x0 0x0 0x0 0x0 0x68 0x0 0x0 0x1 0x29
291 bytes received
0x00  0x4E 0x57 0x01 0x21 0x00 0x00 0x00 0x00 0x06 0x00 0x01 
0x0B  0x79 0x30 
0x0D  0x01 0x0B 0xB3 
0x10  0x02 0x0B 0xB3 0x03 0x0B 0xB4 0x04 0x0B 0xB1 0x05 0x0B 0xB4 0x06 0x0B 0xB1 0x07 
0x20  0x0B 0xB4 0x08 0x0B 0xB4 0x09 0x0B 0xAD 0x0A 0x0B 0xB4 0x0B 0x0B 0xB1 0x0C 0x0B 
0x30  0xB3 0x0D 0x0B 0xB1 0x0E 0x0B 0xB4 0x0F 0x0B 0xB2 0x10 0x0B 0xB5 
0x3D  0x80 0x00 0x15 
0x40  0x81 0x00 0x16 0x82 0x00 0x16 0x83 0x12 0xB8 0x84 0x00 0x00 0x85 0x00 0x86 0x02 
0x50  0x87 0x00 0x68 0x89 0x00 0x00 0x0F 0x14 0x8A 0x00 0x10 0x8B 0x00 0x00 0x8C 0x00 
0x60  0x03 0x8E 0x15 0x90 0x8F 0x12 0x70 0x90 0x0D 0x7A 0x91 0x0D 0x66 0x92 0x00 0x05 
0x70  0x93 0x0B 0x86 0x94 0x0B 0xB8 0x95 0x00 0x05 0x96 0x01 0x2C 0x97 0x00 0x50 0x98 
0x80  0x00 0x1E 0x99 0x00 0x2B 0x9A 0x00 0x1E 0x9B 0x0B 0x54 0x9C 0x00 0x0A 0x9D 0x01 
0x90  0x9E 0x00 0x50 0x9F 0x00 0x46 0xA0 0x00 0x64 0xA1 0x00 0x64 0xA2 0x00 0x14 0xA3 
0xA0  0x00 0x2D 0xA4 0x00 0x2D 0xA5 0x00 0x03 0xA6 0x00 0x05 0xA7 0xFF 0xEC 0xA8 0xFF 
0xB0  0xF6 0xA9 0x10 0xAA 0x00 0x00 0x00 0x73 0xAB 0x01 0xAC 0x01 0xAD 0x04 0x18 0xAE 
0xC0  0x01 0xAF 0x00 0xB0 0x00 0x0A 0xB1 0x14 0xB2 0x31 0x32 0x33 0x34 0x00 0x00 0x00 
0xD0  0x00 0x00 0x00 0xB3 0x00 0xB4 0x41 0x72 0x6D 0x69 0x6E 0x73 0x5F 0x5F 0xB5 0x32 
0xE0  0x33 0x30 0x37 0xB6 0x00 0x03 0xCB 0xA9 0xB7 0x31 0x31 0x2E 0x58 0x57 0x5F 0x53 
0xF0  0x31 0x31 0x2E 0x32 0x36 0x5F 0x5F 0x5F 0xB8 0x00 0xB9 0x00 0x00 0x00 0x24 0xBA 
0x100  0x41 0x72 0x6D 0x69 0x6E 0x73 0x5F 0x5F 0x42 0x4D 0x53 0x31 0x4A 0x4B 0x5F 0x42 
0x110  0x32 0x41 0x32 0x30 0x53 0x32 0x30 0x50 0xC0 0x01 
0x11A  0x00 0x00 0x00 0x00 0x68 0x00 0x00 0x50 0xB1 

CSV: -5;-5;-4;-7;-4;-7;-4;-4;-11;-4;-7;-5;-7;-4;-6;-3;4792;0.00;0;0
Set LCD display page to: 5
18 47 4 21 2 0 0 0 0 0
18 47 4 21 2 0 0 0 0 0
19 47 4 21 2 0 0 0 0 0
19 47 4 21 2 0 0 0 0 0
20 47 3 21 2 0 0 0 0 0
20 47 3 21 2 0 0 0 0 0
21 46 4 22 3 0 0 0 0 0
21 46 4 22 3 0 0 0 0 0
22 46 4 22 5 0 0 0 0 0
22 46 4 22 5 0 0 0 0 0
23 46 3 22 5 0 0 0 0 0
23 46 3 22 5 0 0 0 0 0
24 46 4 23 4 0 0 0 0 0
24 46 4 23 4 0 0 0 0 0
25 46 4 23 3 0 0 0 0 0
25 46 4 23 3 0 0 0 0 0
26 46 3 24 7 0 0 0 0 0
26 46 3 24 7 0 0 0 0 0
27 45 4 24 8 0 0 0 0 0
27 45 4 24 8 0 0 0 0 0
28 45 4 24 16 0 0 0 0 0
28 45 4 24 16 0 0 0 0 0
29 46 3 25 7 0 0 0 0 0
29 46 3 25 7 0 0 0 0 0
28 35 -2 24 19 0 0 0 0 0
28 35 -2 24 19 0 0 0 0 0
27 34 -4 24 0 0 0 0 0 0
27 34 -4 24 0 0 0 0 0 0
26 33 -4 24 0 0 0 0 0 0
26 33 -4 24 0 0 0 0 0 0
25 33 -3 23 0 0 0 0 0 0
25 33 -3 23 0 0 0 0 0 0
24 32 -4 23 0 0 0 0 0 0
24 32 -4 23 0 0 0 0 0 0
25 44 3 23 18 0 0 0 0 0
25 44 3 23 18 0 0 0 0 0
26 44 3 24 5 0 0 0 0 0
26 44 3 24 5 0 0 0 0 0
27 44 4 24 7 0 0 0 0 0
27 44 4 24 7 0 0 0 0 0
28 44 4 24 17 0 0 0 0 0
28 44 4 24 17 0 0 0 0 0
27 41 -3 24 6 0 0 0 0 0
27 41 -3 24 6 0 0 0 0 0
26 40 -4 24 5 0 0 0 0 0
26 40 -4 24 5 0 0 0 0 0
25 39 -3 23 4 0 0 0 0 0
25 39 -3 23 4 0 0 0 0 0
24 39 -4 23 3 0 0 0 0 0
24 39 -4 23 3 0 0 0 0 0
23 38 -4 23 3 0 0 0 0 0
23 38 -4 23 3 0 0 0 0 0
22 38 -3 22 3 0 0 0 0 0
22 38 -3 22 3 0 0 0 0 0
21 38 -4 22 3 0 0 0 0 0
21 38 -4 22 3 0 0 0 0 0
20 38 -4 21 3 0 0 0 0 0
20 38 -4 21 3 0 0 0 0 0
19 38 -3 21 3 0 0 0 0 0
19 38 -3 21 3 0 0 0 0 0
18 37 -4 21 3 0 0 0 0 0
18 37 -4 21 3 0 0 0 0 0
17 37 -4 20 3 0 0 0 0 0
17 37 -4 20 3 0 0 0 0 0
16 36 -3 20 2 0 0 0 0 0
16 36 -3 20 2 0 0 0 0 0
15 36 -4 20 2 0 0 0 0 0
15 36 -4 20 2 0 0 0 0 0
14 36 -4 19 2 0 0 0 0 0
14 36 -4 19 2 0 0 0 0 0
13 36 -3 19 2 0 0 0 0 0
13 36 -3 19 2 0 0 0 0 0
12 35 -4 19 2 0 0 0 0 0
12 35 -4 19 2 0 0 0 0 0
11 34 -4 18 2 0 0 0 0 0
11 34 -4 18 2 0 0 0 0 0
10 33 -3 18 2 0 0 0 0 0
10 33 -3 18 2 0 0 0 0 0
9 33 -4 17 2 0 0 0 0 0
9 33 -4 17 2 0 0 0 0 0
8 32 -4 17 2 0 0 0 0 0
8 32 -4 17 2 0 0 0 0 0
7 29 -3 17 2 0 0 0 0 0
7 29 -3 17 2 0 0 0 0 0
6 27 -4 16 2 0 0 0 0 0
6 27 -4 16 2 0 0 0 0 0
5 26 -4 16 2 0 0 0 0 0
5 26 -4 16 2 0 0 0 0 0
4 24 -3 16 3 0 0 0 0 0
4 24 -3 16 3 0 0 0 0 0
3 22 -4 15 3 0 0 0 0 0
3 22 -4 15 3 0 0 0 0 0
2 19 -4 15 2 0 0 0 0 0
2 19 -4 15 2 0 0 0 0 0
1 17 -4 14 3 0 0 0 0 0
1 17 -4 14 3 0 0 0 0 0
2 26 -6 14 29 0 0 0 0 0
2 26 -6 14 29 0 0 0 0 0
3 30 3 14 2 0 0 0 0 0
3 30 3 14 2 0 0 0 0 0
4 31 4 15 3 0 0 0 0 0
4 31 4 15 3 0 0 0 0 0
5 32 3 15 5 0 0 0 0 0
5 32 3 15 5 0 0 0 0 0
6 36 4 15 3 0 0 0 0 0
6 36 4 15 3 0 0 0 0 0
7 36 4 16 5 0 0 0 0 0
7 36 4 16 5 0 0 0 0 0
8 38 3 16 9 0 0 0 0 0
8 38 3 16 9 0 0 0 0 0
9 40 4 16 11 0 0 0 0 0
9 40 4 16 11 0 0 0 0 0
8 35 -3 16 26 0 0 0 0 0
8 35 -3 16 26 0 0 0 0 0
7 33 -3 16 12 0 0 0 0 0
7 33 -3 16 12 0 0 0 0 0
6 30 -4 15 13 0 0 0 0 0
6 30 -4 15 13 0 0 0 0 0
5 27 -4 15 8 0 0 0 0 0
5 27 -4 15 8 0 0 0 0 0
4 24 -3 15 6 0 0 0 0 0
4 24 -3 15 6 0 0 0 0 0
3 22 -4 14 6 0 0 0 0 0
3 22 -4 14 6 0 0 0 0 0
2 19 -4 14 21 0 0 0 0 0
2 19 -4 14 21 0 0 0 0 0
1 17 -3 14 28 0 0 0 0 0
1 17 -3 14 28 0 0 0 0 0
2 25 3 14 40 0 0 0 0 0
2 25 3 14 40 0 0 0 0 0
3 28 4 14 3 0 0 0 0 0
3 28 4 14 3 0 0 0 0 0
4 31 3 15 3 0 0 0 0 0
4 31 3 15 3 0 0 0 0 0
5 33 4 15 3 0 0 0 0 0
5 33 4 15 3 0 0 0 0 0
6 35 4 15 3 0 0 0 0 0
6 35 4 15 3 0 0 0 0 0
7 37 3 16 4 0 0 0 0 0
7 37 3 16 4 0 0 0 0 0
8 39 4 16 4 0 0 0 0 0
8 39 4 16 4 0 0 0 0 0
9 40 4 16 5 0 0 0 0 0
9 40 4 16 5 0 0 0 0 0
10 42 3 17 4 0 0 0 0 0
10 42 3 17 4 0 0 0 0 0
11 44 4 17 3 0 0 0 0 0
11 44 4 17 3 0 0 0 0 0
12 45 4 18 3 0 0 0 0 0
12 45 4 18 3 0 0 0 0 0
13 45 3 18 3 0 0 0 0 0
13 45 3 18 3 0 0 0 0 0
14 46 4 18 3 0 0 0 0 0
14 46 4 18 3 0 0 0 0 0
15 46 4 19 3 0 0 0 0 0
15 46 4 19 3 0 0 0 0 0
16 47 4 19 2 0 0 0 0 0
16 47 4 19 2 0 0 0 0 0
17 47 3 19 1 0 0 0 0 0
17 47 3 19 1 0 0 0 0 0
18 47 4 20 2 0 0 0 0 0
18 47 4 20 2 0 0 0 0 0
19 47 4 20 2 0 0 0 0 0
19 47 4 20 2 0 0 0 0 0
20 47 3 20 2 0 0 0 0 0
20 47 3 20 2 0 0 0 0 0
21 47 4 21 2 0 0 0 0 0
21 47 4 21 2 0 0 0 0 0
22 47 4 21 2 0 0 0 0 0
22 47 4 21 2 0 0 0 0 0
23 47 3 22 2 0 0 0 0 0
23 47 3 22 2 0 0 0 0 0
22 42 -2 21 6 0 0 0 0 0
22 42 -2 21 6 0 0 0 0 0
21 41 -4 21 4 0 0 0 0 0
21 41 -4 21 4 0 0 0 0 0
20 41 -4 21 3 0 0 0 0 0
20 41 -4 21 3 0 0 0 0 0
21 45 3 21 3 0 0 0 0 0
21 45 3 21 3 0 0 0 0 0
22 45 4 21 3 0 0 0 0 0
22 45 4 21 3 0 0 0 0 0
23 46 3 22 3 0 0 0 0 0
23 46 3 22 3 0 0 0 0 0
24 46 4 22 3 0 0 0 0 0
24 46 4 22 3 0 0 0 0 0
25 46 4 22 3 0 0 0 0 0
25 46 4 22 3 0 0 0 0 0
26 46 3 23 3 0 0 0 0 0
26 46 3 23 3 0 0 0 0 0
27 47 4 23 3 0 0 0 0 0
27 47 4 23 3 0 0 0 0 0
28 47 4 23 2 0 0 0 0 0
28 47 4 23 2 0 0 0 0 0
29 47 3 24 2 0 0 0 0 0
29 47 3 24 2 0 0 0 0 0
30 48 4 24 2 0 0 0 0 0
30 48 4 24 2 0 0 0 0 0
31 48 4 25 2 0 0 0 0 0
31 48 4 25 2 0 0 0 0 0
32 48 3 25 2 0 0 0 0 0
32 48 3 25 2 0 0 0 0 0
33 48 4 25 2 0 0 0 0 0
33 48 4 25 2 0 0 0 0 0
34 48 4 26 8 0 0 0 0 0
34 48 4 26 8 0 0 0 0 0
35 48 4 26 3 0 0 0 0 0
35 48 4 26 3 0 0 0 0 0
36 48 3 26 2 0 0 0 0 0
36 48 3 26 2 0 0 0 0 0
37 48 4 27 3 0 0 0 0 0
37 48 4 27 3 0 0 0 0 0
38 48 4 27 3 0 0 0 0 0
38 48 4 27 3 0 0 0 0 0
39 48 3 27 4 0 0 0 0 0
39 48 3 27 4 0 0 0 0 0
40 49 4 28 3 0 0 0 0 0
40 49 4 28 3 0 0 0 0 0
41 49 4 28 3 0 0 0 0 0
41 49 4 28 3 0 0 0 0 0
42 49 3 29 5 0 0 0 0 0
42 49 3 29 5 0 0 0 0 0
43 49 4 29 5 0 0 0 0 0
43 49 4 29 5 0 0 0 0 0
44 50 4 29 4 0 0 0 0 0
44 50 4 29 4 0 0 0 0 0
45 51 3 30 2 0 0 0 0 0
45 51 3 30 2 0 0 0 0 0
46 50 4 30 4 0 0 0 0 0
46 50 4 30 4 0 0 0 0 0
47 51 4 30 4 0 0 0 0 0
47 51 4 30 4 0 0 0 0 0
48 51 3 31 5 0 0 0 0 0
48 51 3 31 5 0 0 0 0 0
49 50 4 31 9 0 0 0 0 0
49 50 4 31 9 0 0 0 0 0
50 50 4 32 15 0 0 0 0 0
50 50 4 32 15 0 0 0 0 0
49 42 -3 31 36 0 0 0 0 0
49 42 -3 31 36 0 0 0 0 0
48 40 -4 31 0 0 0 0 0 0
48 40 -4 31 0 0 0 0 0 0
47 38 -3 31 0 0 0 0 0 0
47 38 -3 31 0 0 0 0 0 0
46 38 -4 30 0 0 0 0 0 0
46 38 -4 30 0 0 0 0 0 0
45 37 -4 30 0 0 0 0 0 0
45 37 -4 30 0 0 0 0 0 0
44 44 -3 29 7 0 0 0 0 0
44 44 -3 29 7 0 0 0 0 0
43 43 -4 29 7 0 0 0 0 0
43 43 -4 29 7 0 0 0 0 0
42 42 -3 29 3 0 0 0 0 0
42 42 -3 29 3 0 0 0 0 0
41 42 -4 28 4 0 0 0 0 0
41 42 -4 28 4 0 0 0 0 0
40 42 -4 28 4 0 0 0 0 0
40 42 -4 28 4 0 0 0 0 0
39 41 -3 28 4 0 0 0 0 0
39 41 -3 28 4 0 0 0 0 0
38 41 -4 27 5 0 0 0 0 0
38 41 -4 27 5 0 0 0 0 0
37 40 -4 27 5 0 0 0 0 0
37 40 -4 27 5 0 0 0 0 0
36 40 -4 26 6 0 0 0 0 0
36 40 -4 26 6 0 0 0 0 0
35 40 -3 26 5 0 0 0 0 0
35 40 -3 26 5 0 0 0 0 0
34 39 -4 26 4 0 0 0 0 0
34 39 -4 26 4 0 0 0 0 0
33 39 -4 25 4 0 0 0 0 0
33 39 -4 25 4 0 0 0 0 0
32 38 -3 25 5 0 0 0 0 0
32 38 -3 25 5 0 0 0 0 0
31 39 -4 25 4 0 0 0 0 0
31 39 -4 25 4 0 0 0 0 0
30 38 -4 24 4 0 0 0 0 0
30 38 -4 24 4 0 0 0 0 0
29 38 -3 24 4 0 0 0 0 0
29 38 -3 24 4 0 0 0 0 0
28 38 -4 24 4 0 0 0 0 0
28 38 -4 24 4 0 0 0 0 0
27 38 -4 23 3 0 0 0 0 0
27 38 -4 23 3 0 0 0 0 0
26 37 -3 23 2 0 0 0 0 0
26 37 -3 23 2 0 0 0 0 0
25 37 -4 22 3 0 0 0 0 0
25 37 -4 22 3 0 0 0 0 0
24 36 -4 22 3 0 0 0 0 0
24 36 -4 22 3 0 0 0 0 0
23 36 -3 22 2 0 0 0 0 0
23 36 -3 22 2 0 0 0 0 0
22 36 -4 21 2 0 0 0 0 0
22 36 -4 21 2 0 0 0 0 0
21 36 -4 21 2 0 0 0 0 0
21 36 -4 21 2 0 0 0 0 0
20 36 -3 21 3 0 0 0 0 0
20 36 -3 21 3 0 0 0 0 0
19 36 -4 20 3 0 0 0 0 0
19 36 -4 20 3 0 0 0 0 0
18 36 -4 20 2 0 0 0 0 0
18 36 -4 20 2 0 0 0 0 0
17 36 -3 20 2 0 0 0 0 0
17 36 -3 20 2 0 0 0 0 0
16 35 -4 19 2 0 0 0 0 0
16 35 -4 19 2 0 0 0 0 0
15 31 -4 19 1 0 0 0 0 0
15 31 -4 19 1 0 0 0 0 0
14 30 -3 18 0 0 0 0 0 0
14 30 -3 18 0 0 0 0 0 0
13 29 -4 18 0 0 0 0 0 0
13 29 -4 18 0 0 0 0 0 0
12 30 -4 18 1 0 0 0 0 0
12 30 -4 18 1 0 0 0 0 0
11 28 -3 17 0 0 0 0 0 0
11 28 -3 17 0 0 0 0 0 0
10 32 -4 17 1 0 0 0 0 0
10 32 -4 17 1 0 0 0 0 0
9 31 -4 17 2 0 0 0 0 0
9 31 -4 17 2 0 0 0 0 0
8 29 -3 16 3 0 0 0 0 0
8 29 -3 16 3 0 0 0 0 0
7 27 -4 16 2 0 0 0 0 0
7 27 -4 16 2 0 0 0 0 0
6 26 -4 15 2 0 0 0 0 0
6 26 -4 15 2 0 0 0 0 0
5 24 -3 15 3 0 0 0 0 0
5 24 -3 15 3 0 0 0 0 0
4 21 -4 15 3 0 0 0 0 0
4 21 -4 15 3 0 0 0 0 0
3 18 -4 14 2 0 0 0 0 0
3 18 -4 14 2 0 0 0 0 0
2 16 -3 14 3 0 0 0 0 0
2 16 -3 14 3 0 0 0 0 0
1 13 -4 14 2 0 0 0 0 0
1 13 -4 14 2 0 0 0 0 0
2 25 -3 13 27 0 0 0 0 0
2 25 -3 13 27 0 0 0 0 0
3 28 2 14 4 0 0 0 0 0
3 28 2 14 4 0 0 0 0 0
4 30 4 14 5 0 0 0 0 0
4 30 4 14 5 0 0 0 0 0
5 34 4 14 2 0 0 0 0 0
5 34 4 14 2 0 0 0 0 0
6 36 3 15 2 0 0 0 0 0
6 36 3 15 2 0 0 0 0 0
7 39 4 15 2 0 0 0 0 0
7 39 4 15 2 0 0 0 0 0
8 40 4 15 1 0 0 0 0 0
8 40 4 15 1 0 0 0 0 0
9 43 4 16 1 0 0 0 0 0
9 43 4 16 1 0 0 0 0 0
10 44 3 16 1 0 0 0 0 0
10 44 3 16 1 0 0 0 0 0
11 45 4 17 1 0 0 0 0 0
11 45 4 17 1 0 0 0 0 0
12 46 4 17 1 0 0 0 0 0
12 46 4 17 1 0 0 0 0 0
13 47 3 17 1 0 0 0 0 0
13 47 3 17 1 0 0 0 0 0
14 47 4 18 1 0 0 0 0 0
14 47 4 18 1 0 0 0 0 0
15 48 4 18 1 0 0 0 0 0
15 48 4 18 1 0 0 0 0 0
16 48 3 18 1 0 0 0 0 0
16 48 3 18 1 0 0 0 0 0
17 48 4 19 1 0 0 0 0 0
17 48 4 19 1 0 0 0 0 0
18 48 4 19 1 0 0 0 0 0
18 48 4 19 1 0 0 0 0 0
19 48 3 19 1 0 0 0 0 0
19 48 3 19 1 0 0 0 0 0
20 48 4 20 1 0 0 0 0 0
20 48 4 20 1 0 0 0 0 0
21 48 4 20 1 0 0 0 0 0
21 48 4 20 1 0 0 0 0 0
22 48 4 21 1 0 0 0 0 0
22 48 4 21 1 0 0 0 0 0
23 48 3 21 1 0 0 0 0 0
23 48 3 21 1 0 0 0 0 0
24 48 4 21 2 0 0 0 0 0
24 48 4 21 2 0 0 0 0 0
25 48 3 22 3 0 0 0 0 0
25 48 3 22 3 0 0 0 0 0
26 48 4 22 16 0 0 0 0 0
26 48 4 22 16 0 0 0 0 0
27 47 4 22 4 0 0 0 0 0
27 47 4 22 4 0 0 0 0 0
28 47 3 23 1 0 0 0 0 0
28 47 3 23 1 0 0 0 0 0
29 48 4 23 10 0 0 0 0 0
29 48 4 23 10 0 0 0 0 0
30 47 4 24 4 0 0 0 0 0
30 47 4 24 4 0 0 0 0 0
31 48 4 24 3 0 0 0 0 0
31 48 4 24 3 0 0 0 0 0
32 49 3 24 1 0 0 0 0 0
32 49 3 24 1 0 0 0 0 0
33 50 4 25 1 0 0 0 0 0
33 50 4 25 1 0 0 0 0 0
34 50 4 25 1 0 0 0 0 0
34 50 4 25 1 0 0 0 0 0
35 50 3 25 1 0 0 0 0 0
35 50 3 25 1 0 0 0 0 0
36 48 4 26 2 0 0 0 0 0
36 48 4 26 2 0 0 0 0 0
37 49 4 26 4 0 0 0 0 0
37 49 4 26 4 0 0 0 0 0
38 50 3 26 1 0 0 0 0 0
38 50 3 26 1 0 0 0 0 0
39 50 4 27 2 0 0 0 0 0
39 50 4 27 2 0 0 0 0 0
40 50 4 27 1 0 0 0 0 0
40 50 4 27 1 0 0 0 0 0
41 50 3 28 1 0 0 0 0 0
41 50 3 28 1 0 0 0 0 0
42 50 4 28 2 0 0 0 0 0
42 50 4 28 2 0 0 0 0 0
43 50 4 28 2 0 0 0 0 0
43 50 4 28 2 0 0 0 0 0
44 50 3 29 3 0 0 0 0 0
44 50 3 29 3 0 0 0 0 0
45 50 4 29 4 0 0 0 0 0
45 50 4 29 4 0 0 0 0 0
44 46 -3 29 39 0 0 0 0 0
44 46 -3 29 39 0 0 0 0 0
43 45 -3 28 8 0 0 0 0 0
43 45 -3 28 8 0 0 0 0 0
42 44 -4 28 6 0 0 0 0 0
42 44 -4 28 6 0 0 0 0 0
41 43 -4 28 5 0 0 0 0 0
41 43 -4 28 5 0 0 0 0 0
40 42 -3 27 4 0 0 0 0 0
40 42 -3 27 4 0 0 0 0 0
39 42 -4 27 4 0 0 0 0 0
39 42 -4 27 4 0 0 0 0 0
38 41 -4 27 4 0 0 0 0 0
38 41 -4 27 4 0 0 0 0 0
37 41 -3 26 4 0 0 0 0 0
37 41 -3 26 4 0 0 0 0 0
36 40 -4 26 4 0 0 0 0 0
36 40 -4 26 4 0 0 0 0 0
35 40 -4 25 4 0 0 0 0 0
35 40 -4 25 4 0 0 0 0 0
34 40 -3 25 4 0 0 0 0 0
34 40 -3 25 4 0 0 0 0 0
33 39 -4 25 3 0 0 0 0 0
33 39 -4 25 3 0 0 0 0 0
32 38 -4 24 3 0 0 0 0 0
32 38 -4 24 3 0 0 0 0 0
31 38 -3 24 2 0 0 0 0 0
31 38 -3 24 2 0 0 0 0 0
30 38 -4 24 2 0 0 0 0 0
30 38 -4 24 2 0 0 0 0 0
29 38 -4 23 2 0 0 0 0 0
29 38 -4 23 2 0 0 0 0 0
28 38 -3 23 2 0 0 0 0 0
28 38 -3 23 2 0 0 0 0 0
27 38 -4 23 2 0 0 0 0 0
27 38 -4 23 2 0 0 0 0 0
26 37 -4 22 2 0 0 0 0 0
26 37 -4 22 2 0 0 0 0 0
25 37 -3 22 2 0 0 0 0 0
25 37 -3 22 2 0 0 0 0 0
24 36 -4 21 2 0 0 0 0 0
24 36 -4 21 2 0 0 0 0 0
23 36 -4 21 2 0 0 0 0 0
23 36 -4 21 2 0 0 0 0 0
22 36 -4 21 2 0 0 0 0 0
22 36 -4 21 2 0 0 0 0 0
21 36 -3 20 2 0 0 0 0 0
21 36 -3 20 2 0 0 0 0 0
20 36 -4 20 2 0 0 0 0 0
20 36 -4 20 2 0 0 0 0 0
19 36 -4 20 2 0 0 0 0 0
19 36 -4 20 2 0 0 0 0 0
18 36 -3 19 2 0 0 0 0 0
18 36 -3 19 2 0 0 0 0 0
17 36 -4 19 2 0 0 0 0 0
17 36 -4 19 2 0 0 0 0 0
16 35 -4 18 2 0 0 0 0 0
16 35 -4 18 2 0 0 0 0 0
15 35 -3 18 2 0 0 0 0 0
15 35 -3 18 2 0 0 0 0 0
14 35 -4 18 2 0 0 0 0 0
14 35 -4 18 2 0 0 0 0 0
13 34 -4 17 2 0 0 0 0 0
13 34 -4 17 2 0 0 0 0 0
12 33 -3 17 2 0 0 0 0 0
12 33 -3 17 2 0 0 0 0 0
11 32 -4 17 2 0 0 0 0 0
11 32 -4 17 2 0 0 0 0 0
10 31 -4 16 2 0 0 0 0 0
10 31 -4 16 2 0 0 0 0 0
9 29 -3 16 2 0 0 0 0 0
9 29 -3 16 2 0 0 0 0 0
8 27 -4 16 1 0 0 0 0 0
8 27 -4 16 1 0 0 0 0 0
7 25 -4 15 2 0 0 0 0 0
7 25 -4 15 2 0 0 0 0 0
6 23 -3 15 2 0 0 0 0 0
6 23 -3 15 2 0 0 0 0 0
5 21 -4 14 2 0 0 0 0 0
5 21 -4 14 2 0 0 0 0 0
4 18 -4 14 2 0 0 0 0 0
4 18 -4 14 2 0 0 0 0 0
3 16 -3 14 2 0 0 0 0 0
3 16 -3 14 2 0 0 0 0 0
2 13 -4 13 2 0 0 0 0 0
2 13 -4 13 2 0 0 0 0 0
SOC=1%->50%:1 VoltToEmpty_1.32V->5.12V_[0.1V]:10 Delta_capacity[0.1Ah]:-4 Capacity_13Ah->32Ah:13 Delta_time[min]:2 Empty_voltage_47.20V:0 _:0 _:0 _:0 _:0 _:0 _:0 _:0 _:0
SOC=1%->50%:1 VoltToEmpty_1.32V->5.12V_[0.1V]:10 Delta_capacity[0.1Ah]:-4 Capacity_13Ah->32Ah:13 Delta_time[min]:2 Empty_voltage_47.20V:0 _:0 _:0 _:0 _:0 _:0 _:0 _:0 _:0
